[2025-10-04T21:37:17.669+0000] {manager.py:469} INFO - Processing files using up to 2 processes at a time 
[2025-10-04T21:37:17.670+0000] {manager.py:470} INFO - Process each file at most once every 30 seconds
[2025-10-04T21:37:17.673+0000] {manager.py:471} INFO - Checking for new files in /opt/airflow/dags every 300 seconds
[2025-10-04T21:37:17.673+0000] {manager.py:738} INFO - Searching for files in /opt/airflow/dags
[2025-10-04T21:37:17.723+0000] {manager.py:741} INFO - There are 3 files in /opt/airflow/dags
[2025-10-04T21:37:17.881+0000] {manager.py:879} INFO - 
================================================================================
DAG File Processing Stats

File Path                                          PID  Runtime      # DAGs    # Errors  Last Runtime    Last Run
-----------------------------------------------  -----  ---------  --------  ----------  --------------  ----------
/opt/airflow/dags/__init__.py                      174  0.03s             0           0
/opt/airflow/dags/economic_data_daily_update.py    171  0.03s             0           0
/opt/airflow/dags/portfolio_data_pipeline.py                              0           0
================================================================================
[2025-10-04T21:37:58.968+0000] {manager.py:879} INFO - 
================================================================================
DAG File Processing Stats

File Path                                          PID  Runtime      # DAGs    # Errors  Last Runtime    Last Run
-----------------------------------------------  -----  ---------  --------  ----------  --------------  -------------------
/opt/airflow/dags/__init__.py                      238  0.05s             0           0  0.05s           2025-10-04T21:37:17
/opt/airflow/dags/economic_data_daily_update.py    235  0.32s             1           0  0.89s           2025-10-04T21:37:18
/opt/airflow/dags/portfolio_data_pipeline.py                              1           0  0.07s           2025-10-04T21:37:17
================================================================================
[2025-10-04T21:38:29.853+0000] {manager.py:879} INFO - 
================================================================================
DAG File Processing Stats

File Path                                          PID  Runtime      # DAGs    # Errors  Last Runtime    Last Run
-----------------------------------------------  -----  ---------  --------  ----------  --------------  -------------------
/opt/airflow/dags/__init__.py                      311  0.04s             0           0  0.55s           2025-10-04T21:37:59
/opt/airflow/dags/economic_data_daily_update.py                           1           0  2.58s           2025-10-04T21:38:01
/opt/airflow/dags/portfolio_data_pipeline.py                              1           0  0.99s           2025-10-04T21:38:00
================================================================================
[2025-10-04T21:39:00.038+0000] {manager.py:879} INFO - 
================================================================================
DAG File Processing Stats

File Path                                          PID  Runtime      # DAGs    # Errors  Last Runtime    Last Run
-----------------------------------------------  -----  ---------  --------  ----------  --------------  -------------------
/opt/airflow/dags/__init__.py                      327  0.00s             0           0  0.11s           2025-10-04T21:38:29
/opt/airflow/dags/economic_data_daily_update.py                           1           0  0.55s           2025-10-04T21:38:31
/opt/airflow/dags/portfolio_data_pipeline.py                              1           0  0.40s           2025-10-04T21:38:31
================================================================================
[2025-10-04T21:39:30.531+0000] {manager.py:879} INFO - 
================================================================================
DAG File Processing Stats

File Path                                          PID  Runtime      # DAGs    # Errors  Last Runtime    Last Run
-----------------------------------------------  -----  ---------  --------  ----------  --------------  -------------------
/opt/airflow/dags/__init__.py                      361  0.01s             0           0  0.03s           2025-10-04T21:39:00
/opt/airflow/dags/economic_data_daily_update.py                           1           0  0.32s           2025-10-04T21:39:20
/opt/airflow/dags/portfolio_data_pipeline.py                              1           0  0.12s           2025-10-04T21:39:02
================================================================================
[2025-10-04T21:40:00.768+0000] {manager.py:879} INFO - 
================================================================================
DAG File Processing Stats

File Path                                          PID  Runtime      # DAGs    # Errors  Last Runtime    Last Run
-----------------------------------------------  -----  ---------  --------  ----------  --------------  -------------------
/opt/airflow/dags/__init__.py                      383  0.00s             0           0  0.06s           2025-10-04T21:39:30
/opt/airflow/dags/economic_data_daily_update.py                           1           0  0.37s           2025-10-04T21:39:58
/opt/airflow/dags/portfolio_data_pipeline.py                              1           0  0.06s           2025-10-04T21:39:32
================================================================================
[2025-10-04T21:40:31.016+0000] {manager.py:879} INFO - 
================================================================================
DAG File Processing Stats

File Path                                          PID  Runtime      # DAGs    # Errors  Last Runtime    Last Run
-----------------------------------------------  -----  ---------  --------  ----------  --------------  -------------------
/opt/airflow/dags/__init__.py                      399  0.00s             0           0  0.03s           2025-10-04T21:40:00
/opt/airflow/dags/economic_data_daily_update.py                           1           0  0.47s           2025-10-04T21:40:29
/opt/airflow/dags/portfolio_data_pipeline.py                              1           0  0.06s           2025-10-04T21:40:02
================================================================================
[2025-10-04T21:41:01.506+0000] {manager.py:879} INFO - 
================================================================================
DAG File Processing Stats

File Path                                          PID  Runtime      # DAGs    # Errors  Last Runtime    Last Run
-----------------------------------------------  -----  ---------  --------  ----------  --------------  -------------------
/opt/airflow/dags/__init__.py                      472  0.00s             0           0  0.03s           2025-10-04T21:40:31
/opt/airflow/dags/economic_data_daily_update.py                           1           0  0.26s           2025-10-04T21:40:59
/opt/airflow/dags/portfolio_data_pipeline.py                              1           0  0.09s           2025-10-04T21:40:33
================================================================================
[2025-10-04T21:41:31.816+0000] {manager.py:879} INFO - 
================================================================================
DAG File Processing Stats

File Path                                          PID  Runtime      # DAGs    # Errors  Last Runtime    Last Run
-----------------------------------------------  -----  ---------  --------  ----------  --------------  -------------------
/opt/airflow/dags/__init__.py                      488  0.00s             0           0  0.03s           2025-10-04T21:41:01
/opt/airflow/dags/economic_data_daily_update.py                           1           0  0.36s           2025-10-04T21:41:30
/opt/airflow/dags/portfolio_data_pipeline.py                              1           0  0.09s           2025-10-04T21:41:03
================================================================================
[2025-10-04T21:42:02.343+0000] {manager.py:879} INFO - 
================================================================================
DAG File Processing Stats

File Path                                          PID  Runtime      # DAGs    # Errors  Last Runtime    Last Run
-----------------------------------------------  -----  ---------  --------  ----------  --------------  -------------------
/opt/airflow/dags/__init__.py                      504  0.01s             0           0  0.03s           2025-10-04T21:41:31
/opt/airflow/dags/economic_data_daily_update.py                           1           0  0.38s           2025-10-04T21:42:00
/opt/airflow/dags/portfolio_data_pipeline.py                              1           0  0.23s           2025-10-04T21:41:34
================================================================================
[2025-10-04T21:42:18.484+0000] {manager.py:738} INFO - Searching for files in /opt/airflow/dags
[2025-10-04T21:42:18.502+0000] {manager.py:741} INFO - There are 3 files in /opt/airflow/dags
[2025-10-04T21:42:32.652+0000] {manager.py:879} INFO - 
================================================================================
DAG File Processing Stats

File Path                                          PID  Runtime      # DAGs    # Errors  Last Runtime    Last Run
-----------------------------------------------  -----  ---------  --------  ----------  --------------  -------------------
/opt/airflow/dags/__init__.py                      520  0.01s             0           0  0.03s           2025-10-04T21:42:02
/opt/airflow/dags/economic_data_daily_update.py                           1           0  0.38s           2025-10-04T21:42:30
/opt/airflow/dags/portfolio_data_pipeline.py                              1           0  0.08s           2025-10-04T21:42:04
================================================================================
[2025-10-04T21:43:03.014+0000] {manager.py:879} INFO - 
================================================================================
DAG File Processing Stats

File Path                                          PID  Runtime      # DAGs    # Errors  Last Runtime    Last Run
-----------------------------------------------  -----  ---------  --------  ----------  --------------  -------------------
/opt/airflow/dags/__init__.py                      536  0.01s             0           0  0.05s           2025-10-04T21:42:32
/opt/airflow/dags/economic_data_daily_update.py                           1           0  0.28s           2025-10-04T21:43:02
/opt/airflow/dags/portfolio_data_pipeline.py                              1           0  0.08s           2025-10-04T21:42:34
================================================================================
[2025-10-04T21:43:33.360+0000] {manager.py:879} INFO - 
================================================================================
DAG File Processing Stats

File Path                                          PID  Runtime      # DAGs    # Errors  Last Runtime    Last Run
-----------------------------------------------  -----  ---------  --------  ----------  --------------  -------------------
/opt/airflow/dags/__init__.py                      552  0.01s             0           0  0.04s           2025-10-04T21:43:03
/opt/airflow/dags/economic_data_daily_update.py                           1           0  0.37s           2025-10-04T21:43:32
/opt/airflow/dags/portfolio_data_pipeline.py                              1           0  0.09s           2025-10-04T21:43:05
================================================================================
[2025-10-04T21:44:03.726+0000] {manager.py:879} INFO - 
================================================================================
DAG File Processing Stats

File Path                                          PID  Runtime      # DAGs    # Errors  Last Runtime    Last Run
-----------------------------------------------  -----  ---------  --------  ----------  --------------  -------------------
/opt/airflow/dags/__init__.py                      568  0.00s             0           0  0.03s           2025-10-04T21:43:33
/opt/airflow/dags/economic_data_daily_update.py                           1           0  0.32s           2025-10-04T21:44:03
/opt/airflow/dags/portfolio_data_pipeline.py                              1           0  0.09s           2025-10-04T21:43:35
================================================================================
