[2025-10-04T21:37:17.868+0000] {processor.py:161} INFO - Started process (PID=174) to work on /opt/airflow/dags/__init__.py
[2025-10-04T21:37:17.870+0000] {processor.py:830} INFO - Processing file /opt/airflow/dags/__init__.py for tasks to queue
[2025-10-04T21:37:17.871+0000] {logging_mixin.py:188} INFO - [2025-10-04T21:37:17.870+0000] {dagbag.py:538} INFO - Filling up the DagBag from /opt/airflow/dags/__init__.py
[2025-10-04T21:37:17.876+0000] {processor.py:842} WARNING - No viable dags retrieved from /opt/airflow/dags/__init__.py
[2025-10-04T21:37:17.890+0000] {processor.py:183} INFO - Processing /opt/airflow/dags/__init__.py took 0.024 seconds
[2025-10-04T21:37:59.173+0000] {processor.py:161} INFO - Started process (PID=238) to work on /opt/airflow/dags/__init__.py
[2025-10-04T21:37:59.197+0000] {processor.py:830} INFO - Processing file /opt/airflow/dags/__init__.py for tasks to queue
[2025-10-04T21:37:59.211+0000] {logging_mixin.py:188} INFO - [2025-10-04T21:37:59.210+0000] {dagbag.py:538} INFO - Filling up the DagBag from /opt/airflow/dags/__init__.py
[2025-10-04T21:37:59.348+0000] {processor.py:842} WARNING - No viable dags retrieved from /opt/airflow/dags/__init__.py
[2025-10-04T21:37:59.426+0000] {processor.py:183} INFO - Processing /opt/airflow/dags/__init__.py took 0.398 seconds
[2025-10-04T21:38:29.872+0000] {processor.py:161} INFO - Started process (PID=311) to work on /opt/airflow/dags/__init__.py
[2025-10-04T21:38:29.872+0000] {processor.py:830} INFO - Processing file /opt/airflow/dags/__init__.py for tasks to queue
[2025-10-04T21:38:29.873+0000] {logging_mixin.py:188} INFO - [2025-10-04T21:38:29.873+0000] {dagbag.py:538} INFO - Filling up the DagBag from /opt/airflow/dags/__init__.py
[2025-10-04T21:38:29.877+0000] {processor.py:842} WARNING - No viable dags retrieved from /opt/airflow/dags/__init__.py
[2025-10-04T21:38:29.908+0000] {processor.py:183} INFO - Processing /opt/airflow/dags/__init__.py took 0.049 seconds
[2025-10-04T21:39:00.043+0000] {processor.py:161} INFO - Started process (PID=327) to work on /opt/airflow/dags/__init__.py
[2025-10-04T21:39:00.044+0000] {processor.py:830} INFO - Processing file /opt/airflow/dags/__init__.py for tasks to queue
[2025-10-04T21:39:00.045+0000] {logging_mixin.py:188} INFO - [2025-10-04T21:39:00.044+0000] {dagbag.py:538} INFO - Filling up the DagBag from /opt/airflow/dags/__init__.py
[2025-10-04T21:39:00.046+0000] {processor.py:842} WARNING - No viable dags retrieved from /opt/airflow/dags/__init__.py
[2025-10-04T21:39:00.056+0000] {processor.py:183} INFO - Processing /opt/airflow/dags/__init__.py took 0.014 seconds
[2025-10-04T21:39:30.536+0000] {processor.py:161} INFO - Started process (PID=361) to work on /opt/airflow/dags/__init__.py
[2025-10-04T21:39:30.538+0000] {processor.py:830} INFO - Processing file /opt/airflow/dags/__init__.py for tasks to queue
[2025-10-04T21:39:30.538+0000] {logging_mixin.py:188} INFO - [2025-10-04T21:39:30.538+0000] {dagbag.py:538} INFO - Filling up the DagBag from /opt/airflow/dags/__init__.py
[2025-10-04T21:39:30.544+0000] {processor.py:842} WARNING - No viable dags retrieved from /opt/airflow/dags/__init__.py
[2025-10-04T21:39:30.569+0000] {processor.py:183} INFO - Processing /opt/airflow/dags/__init__.py took 0.035 seconds
[2025-10-04T21:40:00.775+0000] {processor.py:161} INFO - Started process (PID=383) to work on /opt/airflow/dags/__init__.py
[2025-10-04T21:40:00.776+0000] {processor.py:830} INFO - Processing file /opt/airflow/dags/__init__.py for tasks to queue
[2025-10-04T21:40:00.776+0000] {logging_mixin.py:188} INFO - [2025-10-04T21:40:00.776+0000] {dagbag.py:538} INFO - Filling up the DagBag from /opt/airflow/dags/__init__.py
[2025-10-04T21:40:00.779+0000] {processor.py:842} WARNING - No viable dags retrieved from /opt/airflow/dags/__init__.py
[2025-10-04T21:40:00.792+0000] {processor.py:183} INFO - Processing /opt/airflow/dags/__init__.py took 0.020 seconds
[2025-10-04T21:40:31.021+0000] {processor.py:161} INFO - Started process (PID=399) to work on /opt/airflow/dags/__init__.py
[2025-10-04T21:40:31.022+0000] {processor.py:830} INFO - Processing file /opt/airflow/dags/__init__.py for tasks to queue
[2025-10-04T21:40:31.022+0000] {logging_mixin.py:188} INFO - [2025-10-04T21:40:31.022+0000] {dagbag.py:538} INFO - Filling up the DagBag from /opt/airflow/dags/__init__.py
[2025-10-04T21:40:31.024+0000] {processor.py:842} WARNING - No viable dags retrieved from /opt/airflow/dags/__init__.py
[2025-10-04T21:40:31.034+0000] {processor.py:183} INFO - Processing /opt/airflow/dags/__init__.py took 0.015 seconds
[2025-10-04T21:41:01.511+0000] {processor.py:161} INFO - Started process (PID=472) to work on /opt/airflow/dags/__init__.py
[2025-10-04T21:41:01.512+0000] {processor.py:830} INFO - Processing file /opt/airflow/dags/__init__.py for tasks to queue
[2025-10-04T21:41:01.513+0000] {logging_mixin.py:188} INFO - [2025-10-04T21:41:01.512+0000] {dagbag.py:538} INFO - Filling up the DagBag from /opt/airflow/dags/__init__.py
[2025-10-04T21:41:01.515+0000] {processor.py:842} WARNING - No viable dags retrieved from /opt/airflow/dags/__init__.py
[2025-10-04T21:41:01.527+0000] {processor.py:183} INFO - Processing /opt/airflow/dags/__init__.py took 0.019 seconds
[2025-10-04T21:41:31.821+0000] {processor.py:161} INFO - Started process (PID=488) to work on /opt/airflow/dags/__init__.py
[2025-10-04T21:41:31.822+0000] {processor.py:830} INFO - Processing file /opt/airflow/dags/__init__.py for tasks to queue
[2025-10-04T21:41:31.823+0000] {logging_mixin.py:188} INFO - [2025-10-04T21:41:31.823+0000] {dagbag.py:538} INFO - Filling up the DagBag from /opt/airflow/dags/__init__.py
[2025-10-04T21:41:31.824+0000] {processor.py:842} WARNING - No viable dags retrieved from /opt/airflow/dags/__init__.py
[2025-10-04T21:41:31.836+0000] {processor.py:183} INFO - Processing /opt/airflow/dags/__init__.py took 0.017 seconds
[2025-10-04T21:42:02.351+0000] {processor.py:161} INFO - Started process (PID=504) to work on /opt/airflow/dags/__init__.py
[2025-10-04T21:42:02.352+0000] {processor.py:830} INFO - Processing file /opt/airflow/dags/__init__.py for tasks to queue
[2025-10-04T21:42:02.352+0000] {logging_mixin.py:188} INFO - [2025-10-04T21:42:02.352+0000] {dagbag.py:538} INFO - Filling up the DagBag from /opt/airflow/dags/__init__.py
[2025-10-04T21:42:02.354+0000] {processor.py:842} WARNING - No viable dags retrieved from /opt/airflow/dags/__init__.py
[2025-10-04T21:42:02.361+0000] {processor.py:183} INFO - Processing /opt/airflow/dags/__init__.py took 0.012 seconds
[2025-10-04T21:42:32.661+0000] {processor.py:161} INFO - Started process (PID=520) to work on /opt/airflow/dags/__init__.py
[2025-10-04T21:42:32.663+0000] {processor.py:830} INFO - Processing file /opt/airflow/dags/__init__.py for tasks to queue
[2025-10-04T21:42:32.664+0000] {logging_mixin.py:188} INFO - [2025-10-04T21:42:32.664+0000] {dagbag.py:538} INFO - Filling up the DagBag from /opt/airflow/dags/__init__.py
[2025-10-04T21:42:32.667+0000] {processor.py:842} WARNING - No viable dags retrieved from /opt/airflow/dags/__init__.py
[2025-10-04T21:42:32.681+0000] {processor.py:183} INFO - Processing /opt/airflow/dags/__init__.py took 0.024 seconds
[2025-10-04T21:43:03.023+0000] {processor.py:161} INFO - Started process (PID=536) to work on /opt/airflow/dags/__init__.py
[2025-10-04T21:43:03.025+0000] {processor.py:830} INFO - Processing file /opt/airflow/dags/__init__.py for tasks to queue
[2025-10-04T21:43:03.026+0000] {logging_mixin.py:188} INFO - [2025-10-04T21:43:03.025+0000] {dagbag.py:538} INFO - Filling up the DagBag from /opt/airflow/dags/__init__.py
[2025-10-04T21:43:03.028+0000] {processor.py:842} WARNING - No viable dags retrieved from /opt/airflow/dags/__init__.py
[2025-10-04T21:43:03.043+0000] {processor.py:183} INFO - Processing /opt/airflow/dags/__init__.py took 0.024 seconds
[2025-10-04T21:43:33.367+0000] {processor.py:161} INFO - Started process (PID=552) to work on /opt/airflow/dags/__init__.py
[2025-10-04T21:43:33.369+0000] {processor.py:830} INFO - Processing file /opt/airflow/dags/__init__.py for tasks to queue
[2025-10-04T21:43:33.369+0000] {logging_mixin.py:188} INFO - [2025-10-04T21:43:33.369+0000] {dagbag.py:538} INFO - Filling up the DagBag from /opt/airflow/dags/__init__.py
[2025-10-04T21:43:33.371+0000] {processor.py:842} WARNING - No viable dags retrieved from /opt/airflow/dags/__init__.py
[2025-10-04T21:43:33.383+0000] {processor.py:183} INFO - Processing /opt/airflow/dags/__init__.py took 0.019 seconds
[2025-10-04T21:44:03.733+0000] {processor.py:161} INFO - Started process (PID=568) to work on /opt/airflow/dags/__init__.py
[2025-10-04T21:44:03.734+0000] {processor.py:830} INFO - Processing file /opt/airflow/dags/__init__.py for tasks to queue
[2025-10-04T21:44:03.734+0000] {logging_mixin.py:188} INFO - [2025-10-04T21:44:03.734+0000] {dagbag.py:538} INFO - Filling up the DagBag from /opt/airflow/dags/__init__.py
[2025-10-04T21:44:03.737+0000] {processor.py:842} WARNING - No viable dags retrieved from /opt/airflow/dags/__init__.py
[2025-10-04T21:44:03.748+0000] {processor.py:183} INFO - Processing /opt/airflow/dags/__init__.py took 0.018 seconds
[2025-10-04T21:44:34.110+0000] {processor.py:161} INFO - Started process (PID=584) to work on /opt/airflow/dags/__init__.py
[2025-10-04T21:44:34.111+0000] {processor.py:830} INFO - Processing file /opt/airflow/dags/__init__.py for tasks to queue
[2025-10-04T21:44:34.112+0000] {logging_mixin.py:188} INFO - [2025-10-04T21:44:34.112+0000] {dagbag.py:538} INFO - Filling up the DagBag from /opt/airflow/dags/__init__.py
[2025-10-04T21:44:34.114+0000] {processor.py:842} WARNING - No viable dags retrieved from /opt/airflow/dags/__init__.py
[2025-10-04T21:44:34.124+0000] {processor.py:183} INFO - Processing /opt/airflow/dags/__init__.py took 0.017 seconds
[2025-10-04T21:46:57.202+0000] {processor.py:161} INFO - Started process (PID=190) to work on /opt/airflow/dags/__init__.py
[2025-10-04T21:46:57.206+0000] {processor.py:830} INFO - Processing file /opt/airflow/dags/__init__.py for tasks to queue
[2025-10-04T21:46:57.208+0000] {logging_mixin.py:188} INFO - [2025-10-04T21:46:57.207+0000] {dagbag.py:538} INFO - Filling up the DagBag from /opt/airflow/dags/__init__.py
[2025-10-04T21:46:57.225+0000] {processor.py:842} WARNING - No viable dags retrieved from /opt/airflow/dags/__init__.py
[2025-10-04T21:46:57.315+0000] {processor.py:183} INFO - Processing /opt/airflow/dags/__init__.py took 0.118 seconds
[2025-10-04T21:47:27.514+0000] {processor.py:161} INFO - Started process (PID=235) to work on /opt/airflow/dags/__init__.py
[2025-10-04T21:47:27.516+0000] {processor.py:830} INFO - Processing file /opt/airflow/dags/__init__.py for tasks to queue
[2025-10-04T21:47:27.519+0000] {logging_mixin.py:188} INFO - [2025-10-04T21:47:27.518+0000] {dagbag.py:538} INFO - Filling up the DagBag from /opt/airflow/dags/__init__.py
[2025-10-04T21:47:27.528+0000] {processor.py:842} WARNING - No viable dags retrieved from /opt/airflow/dags/__init__.py
[2025-10-04T21:47:27.561+0000] {processor.py:183} INFO - Processing /opt/airflow/dags/__init__.py took 0.050 seconds
[2025-10-04T21:47:57.839+0000] {processor.py:161} INFO - Started process (PID=302) to work on /opt/airflow/dags/__init__.py
[2025-10-04T21:47:57.839+0000] {processor.py:830} INFO - Processing file /opt/airflow/dags/__init__.py for tasks to queue
[2025-10-04T21:47:57.843+0000] {logging_mixin.py:188} INFO - [2025-10-04T21:47:57.842+0000] {dagbag.py:538} INFO - Filling up the DagBag from /opt/airflow/dags/__init__.py
[2025-10-04T21:47:57.863+0000] {processor.py:842} WARNING - No viable dags retrieved from /opt/airflow/dags/__init__.py
[2025-10-04T21:47:57.951+0000] {processor.py:183} INFO - Processing /opt/airflow/dags/__init__.py took 0.121 seconds
[2025-10-04T21:48:28.376+0000] {processor.py:161} INFO - Started process (PID=324) to work on /opt/airflow/dags/__init__.py
[2025-10-04T21:48:28.377+0000] {processor.py:830} INFO - Processing file /opt/airflow/dags/__init__.py for tasks to queue
[2025-10-04T21:48:28.380+0000] {logging_mixin.py:188} INFO - [2025-10-04T21:48:28.379+0000] {dagbag.py:538} INFO - Filling up the DagBag from /opt/airflow/dags/__init__.py
[2025-10-04T21:48:28.388+0000] {processor.py:842} WARNING - No viable dags retrieved from /opt/airflow/dags/__init__.py
[2025-10-04T21:48:28.426+0000] {processor.py:183} INFO - Processing /opt/airflow/dags/__init__.py took 0.053 seconds
[2025-10-04T21:48:58.749+0000] {processor.py:161} INFO - Started process (PID=340) to work on /opt/airflow/dags/__init__.py
[2025-10-04T21:48:58.754+0000] {processor.py:830} INFO - Processing file /opt/airflow/dags/__init__.py for tasks to queue
[2025-10-04T21:48:58.759+0000] {logging_mixin.py:188} INFO - [2025-10-04T21:48:58.757+0000] {dagbag.py:538} INFO - Filling up the DagBag from /opt/airflow/dags/__init__.py
[2025-10-04T21:48:58.776+0000] {processor.py:842} WARNING - No viable dags retrieved from /opt/airflow/dags/__init__.py
[2025-10-04T21:48:58.826+0000] {processor.py:183} INFO - Processing /opt/airflow/dags/__init__.py took 0.088 seconds
[2025-10-04T21:49:29.129+0000] {processor.py:161} INFO - Started process (PID=356) to work on /opt/airflow/dags/__init__.py
[2025-10-04T21:49:29.130+0000] {processor.py:830} INFO - Processing file /opt/airflow/dags/__init__.py for tasks to queue
[2025-10-04T21:49:29.131+0000] {logging_mixin.py:188} INFO - [2025-10-04T21:49:29.130+0000] {dagbag.py:538} INFO - Filling up the DagBag from /opt/airflow/dags/__init__.py
[2025-10-04T21:49:29.133+0000] {processor.py:842} WARNING - No viable dags retrieved from /opt/airflow/dags/__init__.py
[2025-10-04T21:49:29.147+0000] {processor.py:183} INFO - Processing /opt/airflow/dags/__init__.py took 0.021 seconds
[2025-10-04T21:50:32.948+0000] {processor.py:161} INFO - Started process (PID=174) to work on /opt/airflow/dags/__init__.py
[2025-10-04T21:50:32.950+0000] {processor.py:830} INFO - Processing file /opt/airflow/dags/__init__.py for tasks to queue
[2025-10-04T21:50:32.950+0000] {logging_mixin.py:188} INFO - [2025-10-04T21:50:32.950+0000] {dagbag.py:538} INFO - Filling up the DagBag from /opt/airflow/dags/__init__.py
[2025-10-04T21:50:32.955+0000] {processor.py:842} WARNING - No viable dags retrieved from /opt/airflow/dags/__init__.py
[2025-10-04T21:50:32.966+0000] {processor.py:183} INFO - Processing /opt/airflow/dags/__init__.py took 0.019 seconds
[2025-10-04T21:51:03.160+0000] {processor.py:161} INFO - Started process (PID=237) to work on /opt/airflow/dags/__init__.py
[2025-10-04T21:51:03.168+0000] {processor.py:830} INFO - Processing file /opt/airflow/dags/__init__.py for tasks to queue
[2025-10-04T21:51:03.170+0000] {logging_mixin.py:188} INFO - [2025-10-04T21:51:03.170+0000] {dagbag.py:538} INFO - Filling up the DagBag from /opt/airflow/dags/__init__.py
[2025-10-04T21:51:03.178+0000] {processor.py:842} WARNING - No viable dags retrieved from /opt/airflow/dags/__init__.py
[2025-10-04T21:51:03.273+0000] {processor.py:183} INFO - Processing /opt/airflow/dags/__init__.py took 0.122 seconds
[2025-10-04T21:51:33.440+0000] {processor.py:161} INFO - Started process (PID=260) to work on /opt/airflow/dags/__init__.py
[2025-10-04T21:51:33.441+0000] {processor.py:830} INFO - Processing file /opt/airflow/dags/__init__.py for tasks to queue
[2025-10-04T21:51:33.442+0000] {logging_mixin.py:188} INFO - [2025-10-04T21:51:33.442+0000] {dagbag.py:538} INFO - Filling up the DagBag from /opt/airflow/dags/__init__.py
[2025-10-04T21:51:33.445+0000] {processor.py:842} WARNING - No viable dags retrieved from /opt/airflow/dags/__init__.py
[2025-10-04T21:51:33.457+0000] {processor.py:183} INFO - Processing /opt/airflow/dags/__init__.py took 0.020 seconds
[2025-10-04T21:52:03.843+0000] {processor.py:161} INFO - Started process (PID=276) to work on /opt/airflow/dags/__init__.py
[2025-10-04T21:52:03.845+0000] {processor.py:830} INFO - Processing file /opt/airflow/dags/__init__.py for tasks to queue
[2025-10-04T21:52:03.846+0000] {logging_mixin.py:188} INFO - [2025-10-04T21:52:03.845+0000] {dagbag.py:538} INFO - Filling up the DagBag from /opt/airflow/dags/__init__.py
[2025-10-04T21:52:03.852+0000] {processor.py:842} WARNING - No viable dags retrieved from /opt/airflow/dags/__init__.py
[2025-10-04T21:52:03.867+0000] {processor.py:183} INFO - Processing /opt/airflow/dags/__init__.py took 0.029 seconds
[2025-10-04T21:52:34.186+0000] {processor.py:161} INFO - Started process (PID=292) to work on /opt/airflow/dags/__init__.py
[2025-10-04T21:52:34.187+0000] {processor.py:830} INFO - Processing file /opt/airflow/dags/__init__.py for tasks to queue
[2025-10-04T21:52:34.188+0000] {logging_mixin.py:188} INFO - [2025-10-04T21:52:34.188+0000] {dagbag.py:538} INFO - Filling up the DagBag from /opt/airflow/dags/__init__.py
[2025-10-04T21:52:34.190+0000] {processor.py:842} WARNING - No viable dags retrieved from /opt/airflow/dags/__init__.py
[2025-10-04T21:52:34.203+0000] {processor.py:183} INFO - Processing /opt/airflow/dags/__init__.py took 0.020 seconds
[2025-10-04T21:53:04.724+0000] {processor.py:161} INFO - Started process (PID=308) to work on /opt/airflow/dags/__init__.py
[2025-10-04T21:53:04.725+0000] {processor.py:830} INFO - Processing file /opt/airflow/dags/__init__.py for tasks to queue
[2025-10-04T21:53:04.726+0000] {logging_mixin.py:188} INFO - [2025-10-04T21:53:04.726+0000] {dagbag.py:538} INFO - Filling up the DagBag from /opt/airflow/dags/__init__.py
[2025-10-04T21:53:04.729+0000] {processor.py:842} WARNING - No viable dags retrieved from /opt/airflow/dags/__init__.py
[2025-10-04T21:53:04.741+0000] {processor.py:183} INFO - Processing /opt/airflow/dags/__init__.py took 0.020 seconds
[2025-10-04T21:53:35.102+0000] {processor.py:161} INFO - Started process (PID=324) to work on /opt/airflow/dags/__init__.py
[2025-10-04T21:53:35.104+0000] {processor.py:830} INFO - Processing file /opt/airflow/dags/__init__.py for tasks to queue
[2025-10-04T21:53:35.104+0000] {logging_mixin.py:188} INFO - [2025-10-04T21:53:35.104+0000] {dagbag.py:538} INFO - Filling up the DagBag from /opt/airflow/dags/__init__.py
[2025-10-04T21:53:35.106+0000] {processor.py:842} WARNING - No viable dags retrieved from /opt/airflow/dags/__init__.py
[2025-10-04T21:53:35.113+0000] {processor.py:183} INFO - Processing /opt/airflow/dags/__init__.py took 0.013 seconds
[2025-10-04T21:54:05.435+0000] {processor.py:161} INFO - Started process (PID=340) to work on /opt/airflow/dags/__init__.py
[2025-10-04T21:54:05.435+0000] {processor.py:830} INFO - Processing file /opt/airflow/dags/__init__.py for tasks to queue
[2025-10-04T21:54:05.436+0000] {logging_mixin.py:188} INFO - [2025-10-04T21:54:05.436+0000] {dagbag.py:538} INFO - Filling up the DagBag from /opt/airflow/dags/__init__.py
[2025-10-04T21:54:05.437+0000] {processor.py:842} WARNING - No viable dags retrieved from /opt/airflow/dags/__init__.py
[2025-10-04T21:54:05.444+0000] {processor.py:183} INFO - Processing /opt/airflow/dags/__init__.py took 0.011 seconds
[2025-10-04T21:54:35.793+0000] {processor.py:161} INFO - Started process (PID=356) to work on /opt/airflow/dags/__init__.py
[2025-10-04T21:54:35.795+0000] {processor.py:830} INFO - Processing file /opt/airflow/dags/__init__.py for tasks to queue
[2025-10-04T21:54:35.796+0000] {logging_mixin.py:188} INFO - [2025-10-04T21:54:35.795+0000] {dagbag.py:538} INFO - Filling up the DagBag from /opt/airflow/dags/__init__.py
[2025-10-04T21:54:35.798+0000] {processor.py:842} WARNING - No viable dags retrieved from /opt/airflow/dags/__init__.py
[2025-10-04T21:54:35.807+0000] {processor.py:183} INFO - Processing /opt/airflow/dags/__init__.py took 0.016 seconds
[2025-10-04T21:55:06.091+0000] {processor.py:161} INFO - Started process (PID=372) to work on /opt/airflow/dags/__init__.py
[2025-10-04T21:55:06.092+0000] {processor.py:830} INFO - Processing file /opt/airflow/dags/__init__.py for tasks to queue
[2025-10-04T21:55:06.093+0000] {logging_mixin.py:188} INFO - [2025-10-04T21:55:06.093+0000] {dagbag.py:538} INFO - Filling up the DagBag from /opt/airflow/dags/__init__.py
[2025-10-04T21:55:06.095+0000] {processor.py:842} WARNING - No viable dags retrieved from /opt/airflow/dags/__init__.py
[2025-10-04T21:55:06.108+0000] {processor.py:183} INFO - Processing /opt/airflow/dags/__init__.py took 0.021 seconds
[2025-10-04T21:55:36.493+0000] {processor.py:161} INFO - Started process (PID=388) to work on /opt/airflow/dags/__init__.py
[2025-10-04T21:55:36.495+0000] {processor.py:830} INFO - Processing file /opt/airflow/dags/__init__.py for tasks to queue
[2025-10-04T21:55:36.496+0000] {logging_mixin.py:188} INFO - [2025-10-04T21:55:36.496+0000] {dagbag.py:538} INFO - Filling up the DagBag from /opt/airflow/dags/__init__.py
[2025-10-04T21:55:36.498+0000] {processor.py:842} WARNING - No viable dags retrieved from /opt/airflow/dags/__init__.py
[2025-10-04T21:55:36.512+0000] {processor.py:183} INFO - Processing /opt/airflow/dags/__init__.py took 0.022 seconds
[2025-10-04T21:56:06.875+0000] {processor.py:161} INFO - Started process (PID=404) to work on /opt/airflow/dags/__init__.py
[2025-10-04T21:56:06.876+0000] {processor.py:830} INFO - Processing file /opt/airflow/dags/__init__.py for tasks to queue
[2025-10-04T21:56:06.876+0000] {logging_mixin.py:188} INFO - [2025-10-04T21:56:06.876+0000] {dagbag.py:538} INFO - Filling up the DagBag from /opt/airflow/dags/__init__.py
[2025-10-04T21:56:06.878+0000] {processor.py:842} WARNING - No viable dags retrieved from /opt/airflow/dags/__init__.py
[2025-10-04T21:56:06.889+0000] {processor.py:183} INFO - Processing /opt/airflow/dags/__init__.py took 0.018 seconds
[2025-10-04T21:56:36.936+0000] {processor.py:161} INFO - Started process (PID=450) to work on /opt/airflow/dags/__init__.py
[2025-10-04T21:56:36.937+0000] {processor.py:830} INFO - Processing file /opt/airflow/dags/__init__.py for tasks to queue
[2025-10-04T21:56:36.938+0000] {logging_mixin.py:188} INFO - [2025-10-04T21:56:36.937+0000] {dagbag.py:538} INFO - Filling up the DagBag from /opt/airflow/dags/__init__.py
[2025-10-04T21:56:36.939+0000] {processor.py:842} WARNING - No viable dags retrieved from /opt/airflow/dags/__init__.py
[2025-10-04T21:56:36.948+0000] {processor.py:183} INFO - Processing /opt/airflow/dags/__init__.py took 0.015 seconds
[2025-10-04T21:57:07.283+0000] {processor.py:161} INFO - Started process (PID=466) to work on /opt/airflow/dags/__init__.py
[2025-10-04T21:57:07.284+0000] {processor.py:830} INFO - Processing file /opt/airflow/dags/__init__.py for tasks to queue
[2025-10-04T21:57:07.284+0000] {logging_mixin.py:188} INFO - [2025-10-04T21:57:07.284+0000] {dagbag.py:538} INFO - Filling up the DagBag from /opt/airflow/dags/__init__.py
[2025-10-04T21:57:07.286+0000] {processor.py:842} WARNING - No viable dags retrieved from /opt/airflow/dags/__init__.py
[2025-10-04T21:57:07.296+0000] {processor.py:183} INFO - Processing /opt/airflow/dags/__init__.py took 0.016 seconds
[2025-10-04T21:57:37.629+0000] {processor.py:161} INFO - Started process (PID=482) to work on /opt/airflow/dags/__init__.py
[2025-10-04T21:57:37.631+0000] {processor.py:830} INFO - Processing file /opt/airflow/dags/__init__.py for tasks to queue
[2025-10-04T21:57:37.631+0000] {logging_mixin.py:188} INFO - [2025-10-04T21:57:37.631+0000] {dagbag.py:538} INFO - Filling up the DagBag from /opt/airflow/dags/__init__.py
[2025-10-04T21:57:37.633+0000] {processor.py:842} WARNING - No viable dags retrieved from /opt/airflow/dags/__init__.py
[2025-10-04T21:57:37.641+0000] {processor.py:183} INFO - Processing /opt/airflow/dags/__init__.py took 0.014 seconds
[2025-10-04T21:58:07.957+0000] {processor.py:161} INFO - Started process (PID=498) to work on /opt/airflow/dags/__init__.py
[2025-10-04T21:58:07.958+0000] {processor.py:830} INFO - Processing file /opt/airflow/dags/__init__.py for tasks to queue
[2025-10-04T21:58:07.959+0000] {logging_mixin.py:188} INFO - [2025-10-04T21:58:07.958+0000] {dagbag.py:538} INFO - Filling up the DagBag from /opt/airflow/dags/__init__.py
[2025-10-04T21:58:07.961+0000] {processor.py:842} WARNING - No viable dags retrieved from /opt/airflow/dags/__init__.py
[2025-10-04T21:58:07.968+0000] {processor.py:183} INFO - Processing /opt/airflow/dags/__init__.py took 0.013 seconds
[2025-10-04T21:58:38.300+0000] {processor.py:161} INFO - Started process (PID=514) to work on /opt/airflow/dags/__init__.py
[2025-10-04T21:58:38.301+0000] {processor.py:830} INFO - Processing file /opt/airflow/dags/__init__.py for tasks to queue
[2025-10-04T21:58:38.302+0000] {logging_mixin.py:188} INFO - [2025-10-04T21:58:38.301+0000] {dagbag.py:538} INFO - Filling up the DagBag from /opt/airflow/dags/__init__.py
[2025-10-04T21:58:38.303+0000] {processor.py:842} WARNING - No viable dags retrieved from /opt/airflow/dags/__init__.py
[2025-10-04T21:58:38.310+0000] {processor.py:183} INFO - Processing /opt/airflow/dags/__init__.py took 0.012 seconds
[2025-10-04T21:59:08.597+0000] {processor.py:161} INFO - Started process (PID=530) to work on /opt/airflow/dags/__init__.py
[2025-10-04T21:59:08.598+0000] {processor.py:830} INFO - Processing file /opt/airflow/dags/__init__.py for tasks to queue
[2025-10-04T21:59:08.599+0000] {logging_mixin.py:188} INFO - [2025-10-04T21:59:08.599+0000] {dagbag.py:538} INFO - Filling up the DagBag from /opt/airflow/dags/__init__.py
[2025-10-04T21:59:08.601+0000] {processor.py:842} WARNING - No viable dags retrieved from /opt/airflow/dags/__init__.py
[2025-10-04T21:59:08.610+0000] {processor.py:183} INFO - Processing /opt/airflow/dags/__init__.py took 0.017 seconds
[2025-10-04T21:59:38.893+0000] {processor.py:161} INFO - Started process (PID=546) to work on /opt/airflow/dags/__init__.py
[2025-10-04T21:59:38.894+0000] {processor.py:830} INFO - Processing file /opt/airflow/dags/__init__.py for tasks to queue
[2025-10-04T21:59:38.895+0000] {logging_mixin.py:188} INFO - [2025-10-04T21:59:38.895+0000] {dagbag.py:538} INFO - Filling up the DagBag from /opt/airflow/dags/__init__.py
[2025-10-04T21:59:38.897+0000] {processor.py:842} WARNING - No viable dags retrieved from /opt/airflow/dags/__init__.py
[2025-10-04T21:59:38.907+0000] {processor.py:183} INFO - Processing /opt/airflow/dags/__init__.py took 0.016 seconds
