[2025-10-04T21:37:17.864+0000] {processor.py:161} INFO - Started process (PID=171) to work on /opt/airflow/dags/economic_data_daily_update.py
[2025-10-04T21:37:17.867+0000] {processor.py:830} INFO - Processing file /opt/airflow/dags/economic_data_daily_update.py for tasks to queue
[2025-10-04T21:37:17.869+0000] {logging_mixin.py:188} INFO - [2025-10-04T21:37:17.869+0000] {dagbag.py:538} INFO - Filling up the DagBag from /opt/airflow/dags/economic_data_daily_update.py
[2025-10-04T21:37:18.658+0000] {processor.py:840} INFO - DAG(s) 'economic_data_daily_update' retrieved from /opt/airflow/dags/economic_data_daily_update.py
[2025-10-04T21:37:18.673+0000] {logging_mixin.py:188} INFO - [2025-10-04T21:37:18.673+0000] {dag.py:3036} INFO - Sync 1 DAGs
[2025-10-04T21:37:18.704+0000] {logging_mixin.py:188} INFO - [2025-10-04T21:37:18.704+0000] {dag.py:3823} INFO - Setting next_dagrun for economic_data_daily_update to 2025-10-04 06:00:00+00:00, run_after=2025-10-05 06:00:00+00:00
[2025-10-04T21:37:18.726+0000] {processor.py:183} INFO - Processing /opt/airflow/dags/economic_data_daily_update.py took 0.865 seconds
[2025-10-04T21:37:58.965+0000] {processor.py:161} INFO - Started process (PID=235) to work on /opt/airflow/dags/economic_data_daily_update.py
[2025-10-04T21:37:58.989+0000] {processor.py:830} INFO - Processing file /opt/airflow/dags/economic_data_daily_update.py for tasks to queue
[2025-10-04T21:37:58.995+0000] {logging_mixin.py:188} INFO - [2025-10-04T21:37:58.994+0000] {dagbag.py:538} INFO - Filling up the DagBag from /opt/airflow/dags/economic_data_daily_update.py
[2025-10-04T21:38:00.315+0000] {processor.py:840} INFO - DAG(s) 'economic_data_daily_update' retrieved from /opt/airflow/dags/economic_data_daily_update.py
[2025-10-04T21:38:00.846+0000] {logging_mixin.py:188} INFO - [2025-10-04T21:38:00.846+0000] {dag.py:3036} INFO - Sync 1 DAGs
[2025-10-04T21:38:00.981+0000] {logging_mixin.py:188} INFO - [2025-10-04T21:38:00.981+0000] {dag.py:3823} INFO - Setting next_dagrun for economic_data_daily_update to 2025-10-04 06:00:00+00:00, run_after=2025-10-05 06:00:00+00:00
[2025-10-04T21:38:01.170+0000] {processor.py:183} INFO - Processing /opt/airflow/dags/economic_data_daily_update.py took 2.230 seconds
[2025-10-04T21:38:31.334+0000] {processor.py:161} INFO - Started process (PID=321) to work on /opt/airflow/dags/economic_data_daily_update.py
[2025-10-04T21:38:31.342+0000] {processor.py:830} INFO - Processing file /opt/airflow/dags/economic_data_daily_update.py for tasks to queue
[2025-10-04T21:38:31.344+0000] {logging_mixin.py:188} INFO - [2025-10-04T21:38:31.343+0000] {dagbag.py:538} INFO - Filling up the DagBag from /opt/airflow/dags/economic_data_daily_update.py
[2025-10-04T21:38:31.600+0000] {processor.py:840} INFO - DAG(s) 'economic_data_daily_update' retrieved from /opt/airflow/dags/economic_data_daily_update.py
[2025-10-04T21:38:31.627+0000] {logging_mixin.py:188} INFO - [2025-10-04T21:38:31.626+0000] {dag.py:3036} INFO - Sync 1 DAGs
[2025-10-04T21:38:31.845+0000] {logging_mixin.py:188} INFO - [2025-10-04T21:38:31.844+0000] {dag.py:3823} INFO - Setting next_dagrun for economic_data_daily_update to 2025-10-04 06:00:00+00:00, run_after=2025-10-05 06:00:00+00:00
[2025-10-04T21:38:31.855+0000] {processor.py:183} INFO - Processing /opt/airflow/dags/economic_data_daily_update.py took 0.527 seconds
[2025-10-04T21:39:02.071+0000] {processor.py:161} INFO - Started process (PID=332) to work on /opt/airflow/dags/economic_data_daily_update.py
[2025-10-04T21:39:02.072+0000] {processor.py:830} INFO - Processing file /opt/airflow/dags/economic_data_daily_update.py for tasks to queue
[2025-10-04T21:39:02.074+0000] {logging_mixin.py:188} INFO - [2025-10-04T21:39:02.074+0000] {dagbag.py:538} INFO - Filling up the DagBag from /opt/airflow/dags/economic_data_daily_update.py
[2025-10-04T21:39:02.295+0000] {processor.py:840} INFO - DAG(s) 'economic_data_daily_update' retrieved from /opt/airflow/dags/economic_data_daily_update.py
[2025-10-04T21:39:02.317+0000] {logging_mixin.py:188} INFO - [2025-10-04T21:39:02.317+0000] {dag.py:3036} INFO - Sync 1 DAGs
[2025-10-04T21:39:02.333+0000] {logging_mixin.py:188} INFO - [2025-10-04T21:39:02.333+0000] {dag.py:3823} INFO - Setting next_dagrun for economic_data_daily_update to 2025-10-04 06:00:00+00:00, run_after=2025-10-05 06:00:00+00:00
[2025-10-04T21:39:02.346+0000] {processor.py:183} INFO - Processing /opt/airflow/dags/economic_data_daily_update.py took 0.278 seconds
[2025-10-04T21:39:08.482+0000] {processor.py:161} INFO - Started process (PID=343) to work on /opt/airflow/dags/economic_data_daily_update.py
[2025-10-04T21:39:08.486+0000] {processor.py:830} INFO - Processing file /opt/airflow/dags/economic_data_daily_update.py for tasks to queue
[2025-10-04T21:39:08.490+0000] {logging_mixin.py:188} INFO - [2025-10-04T21:39:08.489+0000] {dagbag.py:538} INFO - Filling up the DagBag from /opt/airflow/dags/economic_data_daily_update.py
[2025-10-04T21:39:08.953+0000] {processor.py:840} INFO - DAG(s) 'economic_data_daily_update' retrieved from /opt/airflow/dags/economic_data_daily_update.py
[2025-10-04T21:39:09.194+0000] {logging_mixin.py:188} INFO - [2025-10-04T21:39:09.194+0000] {dag.py:3036} INFO - Sync 1 DAGs
[2025-10-04T21:39:09.205+0000] {logging_mixin.py:188} INFO - [2025-10-04T21:39:09.205+0000] {dag.py:3823} INFO - Setting next_dagrun for economic_data_daily_update to 2025-10-04 06:00:00+00:00, run_after=2025-10-05 06:00:00+00:00
[2025-10-04T21:39:09.217+0000] {processor.py:183} INFO - Processing /opt/airflow/dags/economic_data_daily_update.py took 0.749 seconds
[2025-10-04T21:39:11.243+0000] {processor.py:161} INFO - Started process (PID=349) to work on /opt/airflow/dags/economic_data_daily_update.py
[2025-10-04T21:39:11.244+0000] {processor.py:830} INFO - Processing file /opt/airflow/dags/economic_data_daily_update.py for tasks to queue
[2025-10-04T21:39:11.244+0000] {logging_mixin.py:188} INFO - [2025-10-04T21:39:11.244+0000] {dagbag.py:538} INFO - Filling up the DagBag from /opt/airflow/dags/economic_data_daily_update.py
[2025-10-04T21:39:11.386+0000] {processor.py:840} INFO - DAG(s) 'economic_data_daily_update' retrieved from /opt/airflow/dags/economic_data_daily_update.py
[2025-10-04T21:39:11.394+0000] {logging_mixin.py:188} INFO - [2025-10-04T21:39:11.393+0000] {dag.py:3036} INFO - Sync 1 DAGs
[2025-10-04T21:39:11.408+0000] {logging_mixin.py:188} INFO - [2025-10-04T21:39:11.407+0000] {dag.py:3823} INFO - Setting next_dagrun for economic_data_daily_update to 2025-10-04 06:00:00+00:00, run_after=2025-10-05 06:00:00+00:00
[2025-10-04T21:39:11.419+0000] {processor.py:183} INFO - Processing /opt/airflow/dags/economic_data_daily_update.py took 0.178 seconds
[2025-10-04T21:39:20.477+0000] {processor.py:161} INFO - Started process (PID=355) to work on /opt/airflow/dags/economic_data_daily_update.py
[2025-10-04T21:39:20.478+0000] {processor.py:830} INFO - Processing file /opt/airflow/dags/economic_data_daily_update.py for tasks to queue
[2025-10-04T21:39:20.479+0000] {logging_mixin.py:188} INFO - [2025-10-04T21:39:20.478+0000] {dagbag.py:538} INFO - Filling up the DagBag from /opt/airflow/dags/economic_data_daily_update.py
[2025-10-04T21:39:20.660+0000] {processor.py:840} INFO - DAG(s) 'economic_data_daily_update' retrieved from /opt/airflow/dags/economic_data_daily_update.py
[2025-10-04T21:39:20.686+0000] {logging_mixin.py:188} INFO - [2025-10-04T21:39:20.685+0000] {dag.py:3036} INFO - Sync 1 DAGs
[2025-10-04T21:39:20.709+0000] {logging_mixin.py:188} INFO - [2025-10-04T21:39:20.709+0000] {dag.py:3823} INFO - Setting next_dagrun for economic_data_daily_update to 2025-10-04 06:00:00+00:00, run_after=2025-10-05 06:00:00+00:00
[2025-10-04T21:39:20.774+0000] {processor.py:183} INFO - Processing /opt/airflow/dags/economic_data_daily_update.py took 0.299 seconds
[2025-10-04T21:39:51.708+0000] {processor.py:161} INFO - Started process (PID=371) to work on /opt/airflow/dags/economic_data_daily_update.py
[2025-10-04T21:39:51.709+0000] {processor.py:830} INFO - Processing file /opt/airflow/dags/economic_data_daily_update.py for tasks to queue
[2025-10-04T21:39:51.710+0000] {logging_mixin.py:188} INFO - [2025-10-04T21:39:51.710+0000] {dagbag.py:538} INFO - Filling up the DagBag from /opt/airflow/dags/economic_data_daily_update.py
[2025-10-04T21:39:51.914+0000] {processor.py:840} INFO - DAG(s) 'economic_data_daily_update' retrieved from /opt/airflow/dags/economic_data_daily_update.py
[2025-10-04T21:39:52.198+0000] {logging_mixin.py:188} INFO - [2025-10-04T21:39:52.197+0000] {dag.py:3036} INFO - Sync 1 DAGs
[2025-10-04T21:39:52.234+0000] {logging_mixin.py:188} INFO - [2025-10-04T21:39:52.233+0000] {dag.py:3823} INFO - Setting next_dagrun for economic_data_daily_update to 2025-10-04 06:00:00+00:00, run_after=2025-10-05 06:00:00+00:00
[2025-10-04T21:39:52.264+0000] {processor.py:183} INFO - Processing /opt/airflow/dags/economic_data_daily_update.py took 0.561 seconds
[2025-10-04T21:39:57.756+0000] {processor.py:161} INFO - Started process (PID=377) to work on /opt/airflow/dags/economic_data_daily_update.py
[2025-10-04T21:39:57.756+0000] {processor.py:830} INFO - Processing file /opt/airflow/dags/economic_data_daily_update.py for tasks to queue
[2025-10-04T21:39:57.757+0000] {logging_mixin.py:188} INFO - [2025-10-04T21:39:57.757+0000] {dagbag.py:538} INFO - Filling up the DagBag from /opt/airflow/dags/economic_data_daily_update.py
[2025-10-04T21:39:58.066+0000] {processor.py:840} INFO - DAG(s) 'economic_data_daily_update' retrieved from /opt/airflow/dags/economic_data_daily_update.py
[2025-10-04T21:39:58.085+0000] {logging_mixin.py:188} INFO - [2025-10-04T21:39:58.084+0000] {dag.py:3036} INFO - Sync 1 DAGs
[2025-10-04T21:39:58.096+0000] {logging_mixin.py:188} INFO - [2025-10-04T21:39:58.096+0000] {dag.py:3823} INFO - Setting next_dagrun for economic_data_daily_update to 2025-10-04 06:00:00+00:00, run_after=2025-10-05 06:00:00+00:00
[2025-10-04T21:39:58.107+0000] {processor.py:183} INFO - Processing /opt/airflow/dags/economic_data_daily_update.py took 0.354 seconds
[2025-10-04T21:40:29.007+0000] {processor.py:161} INFO - Started process (PID=393) to work on /opt/airflow/dags/economic_data_daily_update.py
[2025-10-04T21:40:29.009+0000] {processor.py:830} INFO - Processing file /opt/airflow/dags/economic_data_daily_update.py for tasks to queue
[2025-10-04T21:40:29.010+0000] {logging_mixin.py:188} INFO - [2025-10-04T21:40:29.010+0000] {dagbag.py:538} INFO - Filling up the DagBag from /opt/airflow/dags/economic_data_daily_update.py
[2025-10-04T21:40:29.236+0000] {processor.py:840} INFO - DAG(s) 'economic_data_daily_update' retrieved from /opt/airflow/dags/economic_data_daily_update.py
[2025-10-04T21:40:29.429+0000] {logging_mixin.py:188} INFO - [2025-10-04T21:40:29.429+0000] {dag.py:3036} INFO - Sync 1 DAGs
[2025-10-04T21:40:29.443+0000] {logging_mixin.py:188} INFO - [2025-10-04T21:40:29.442+0000] {dag.py:3823} INFO - Setting next_dagrun for economic_data_daily_update to 2025-10-04 06:00:00+00:00, run_after=2025-10-05 06:00:00+00:00
[2025-10-04T21:40:29.451+0000] {processor.py:183} INFO - Processing /opt/airflow/dags/economic_data_daily_update.py took 0.451 seconds
[2025-10-04T21:40:59.491+0000] {processor.py:161} INFO - Started process (PID=466) to work on /opt/airflow/dags/economic_data_daily_update.py
[2025-10-04T21:40:59.492+0000] {processor.py:830} INFO - Processing file /opt/airflow/dags/economic_data_daily_update.py for tasks to queue
[2025-10-04T21:40:59.493+0000] {logging_mixin.py:188} INFO - [2025-10-04T21:40:59.493+0000] {dagbag.py:538} INFO - Filling up the DagBag from /opt/airflow/dags/economic_data_daily_update.py
[2025-10-04T21:40:59.620+0000] {processor.py:840} INFO - DAG(s) 'economic_data_daily_update' retrieved from /opt/airflow/dags/economic_data_daily_update.py
[2025-10-04T21:40:59.636+0000] {logging_mixin.py:188} INFO - [2025-10-04T21:40:59.635+0000] {dag.py:3036} INFO - Sync 1 DAGs
[2025-10-04T21:40:59.729+0000] {logging_mixin.py:188} INFO - [2025-10-04T21:40:59.729+0000] {dag.py:3823} INFO - Setting next_dagrun for economic_data_daily_update to 2025-10-04 06:00:00+00:00, run_after=2025-10-05 06:00:00+00:00
[2025-10-04T21:40:59.738+0000] {processor.py:183} INFO - Processing /opt/airflow/dags/economic_data_daily_update.py took 0.250 seconds
[2025-10-04T21:41:29.783+0000] {processor.py:161} INFO - Started process (PID=482) to work on /opt/airflow/dags/economic_data_daily_update.py
[2025-10-04T21:41:29.785+0000] {processor.py:830} INFO - Processing file /opt/airflow/dags/economic_data_daily_update.py for tasks to queue
[2025-10-04T21:41:29.785+0000] {logging_mixin.py:188} INFO - [2025-10-04T21:41:29.785+0000] {dagbag.py:538} INFO - Filling up the DagBag from /opt/airflow/dags/economic_data_daily_update.py
[2025-10-04T21:41:30.086+0000] {processor.py:840} INFO - DAG(s) 'economic_data_daily_update' retrieved from /opt/airflow/dags/economic_data_daily_update.py
[2025-10-04T21:41:30.101+0000] {logging_mixin.py:188} INFO - [2025-10-04T21:41:30.101+0000] {dag.py:3036} INFO - Sync 1 DAGs
[2025-10-04T21:41:30.112+0000] {logging_mixin.py:188} INFO - [2025-10-04T21:41:30.112+0000] {dag.py:3823} INFO - Setting next_dagrun for economic_data_daily_update to 2025-10-04 06:00:00+00:00, run_after=2025-10-05 06:00:00+00:00
[2025-10-04T21:41:30.120+0000] {processor.py:183} INFO - Processing /opt/airflow/dags/economic_data_daily_update.py took 0.340 seconds
[2025-10-04T21:42:00.166+0000] {processor.py:161} INFO - Started process (PID=498) to work on /opt/airflow/dags/economic_data_daily_update.py
[2025-10-04T21:42:00.167+0000] {processor.py:830} INFO - Processing file /opt/airflow/dags/economic_data_daily_update.py for tasks to queue
[2025-10-04T21:42:00.168+0000] {logging_mixin.py:188} INFO - [2025-10-04T21:42:00.168+0000] {dagbag.py:538} INFO - Filling up the DagBag from /opt/airflow/dags/economic_data_daily_update.py
[2025-10-04T21:42:00.479+0000] {processor.py:840} INFO - DAG(s) 'economic_data_daily_update' retrieved from /opt/airflow/dags/economic_data_daily_update.py
[2025-10-04T21:42:00.499+0000] {logging_mixin.py:188} INFO - [2025-10-04T21:42:00.498+0000] {dag.py:3036} INFO - Sync 1 DAGs
[2025-10-04T21:42:00.513+0000] {logging_mixin.py:188} INFO - [2025-10-04T21:42:00.513+0000] {dag.py:3823} INFO - Setting next_dagrun for economic_data_daily_update to 2025-10-04 06:00:00+00:00, run_after=2025-10-05 06:00:00+00:00
[2025-10-04T21:42:00.526+0000] {processor.py:183} INFO - Processing /opt/airflow/dags/economic_data_daily_update.py took 0.363 seconds
[2025-10-04T21:42:30.627+0000] {processor.py:161} INFO - Started process (PID=514) to work on /opt/airflow/dags/economic_data_daily_update.py
[2025-10-04T21:42:30.628+0000] {processor.py:830} INFO - Processing file /opt/airflow/dags/economic_data_daily_update.py for tasks to queue
[2025-10-04T21:42:30.629+0000] {logging_mixin.py:188} INFO - [2025-10-04T21:42:30.629+0000] {dagbag.py:538} INFO - Filling up the DagBag from /opt/airflow/dags/economic_data_daily_update.py
[2025-10-04T21:42:30.948+0000] {processor.py:840} INFO - DAG(s) 'economic_data_daily_update' retrieved from /opt/airflow/dags/economic_data_daily_update.py
[2025-10-04T21:42:30.965+0000] {logging_mixin.py:188} INFO - [2025-10-04T21:42:30.964+0000] {dag.py:3036} INFO - Sync 1 DAGs
[2025-10-04T21:42:30.980+0000] {logging_mixin.py:188} INFO - [2025-10-04T21:42:30.980+0000] {dag.py:3823} INFO - Setting next_dagrun for economic_data_daily_update to 2025-10-04 06:00:00+00:00, run_after=2025-10-05 06:00:00+00:00
[2025-10-04T21:42:30.989+0000] {processor.py:183} INFO - Processing /opt/airflow/dags/economic_data_daily_update.py took 0.366 seconds
[2025-10-04T21:43:01.975+0000] {processor.py:161} INFO - Started process (PID=530) to work on /opt/airflow/dags/economic_data_daily_update.py
[2025-10-04T21:43:01.975+0000] {processor.py:830} INFO - Processing file /opt/airflow/dags/economic_data_daily_update.py for tasks to queue
[2025-10-04T21:43:01.976+0000] {logging_mixin.py:188} INFO - [2025-10-04T21:43:01.976+0000] {dagbag.py:538} INFO - Filling up the DagBag from /opt/airflow/dags/economic_data_daily_update.py
[2025-10-04T21:43:02.200+0000] {processor.py:840} INFO - DAG(s) 'economic_data_daily_update' retrieved from /opt/airflow/dags/economic_data_daily_update.py
[2025-10-04T21:43:02.214+0000] {logging_mixin.py:188} INFO - [2025-10-04T21:43:02.214+0000] {dag.py:3036} INFO - Sync 1 DAGs
[2025-10-04T21:43:02.231+0000] {logging_mixin.py:188} INFO - [2025-10-04T21:43:02.230+0000] {dag.py:3823} INFO - Setting next_dagrun for economic_data_daily_update to 2025-10-04 06:00:00+00:00, run_after=2025-10-05 06:00:00+00:00
[2025-10-04T21:43:02.239+0000] {processor.py:183} INFO - Processing /opt/airflow/dags/economic_data_daily_update.py took 0.268 seconds
[2025-10-04T21:43:32.345+0000] {processor.py:161} INFO - Started process (PID=546) to work on /opt/airflow/dags/economic_data_daily_update.py
[2025-10-04T21:43:32.346+0000] {processor.py:830} INFO - Processing file /opt/airflow/dags/economic_data_daily_update.py for tasks to queue
[2025-10-04T21:43:32.347+0000] {logging_mixin.py:188} INFO - [2025-10-04T21:43:32.347+0000] {dagbag.py:538} INFO - Filling up the DagBag from /opt/airflow/dags/economic_data_daily_update.py
[2025-10-04T21:43:32.649+0000] {processor.py:840} INFO - DAG(s) 'economic_data_daily_update' retrieved from /opt/airflow/dags/economic_data_daily_update.py
[2025-10-04T21:43:32.666+0000] {logging_mixin.py:188} INFO - [2025-10-04T21:43:32.666+0000] {dag.py:3036} INFO - Sync 1 DAGs
[2025-10-04T21:43:32.679+0000] {logging_mixin.py:188} INFO - [2025-10-04T21:43:32.678+0000] {dag.py:3823} INFO - Setting next_dagrun for economic_data_daily_update to 2025-10-04 06:00:00+00:00, run_after=2025-10-05 06:00:00+00:00
[2025-10-04T21:43:32.690+0000] {processor.py:183} INFO - Processing /opt/airflow/dags/economic_data_daily_update.py took 0.347 seconds
[2025-10-04T21:44:02.723+0000] {processor.py:161} INFO - Started process (PID=562) to work on /opt/airflow/dags/economic_data_daily_update.py
[2025-10-04T21:44:02.724+0000] {processor.py:830} INFO - Processing file /opt/airflow/dags/economic_data_daily_update.py for tasks to queue
[2025-10-04T21:44:02.725+0000] {logging_mixin.py:188} INFO - [2025-10-04T21:44:02.725+0000] {dagbag.py:538} INFO - Filling up the DagBag from /opt/airflow/dags/economic_data_daily_update.py
[2025-10-04T21:44:02.984+0000] {processor.py:840} INFO - DAG(s) 'economic_data_daily_update' retrieved from /opt/airflow/dags/economic_data_daily_update.py
[2025-10-04T21:44:02.999+0000] {logging_mixin.py:188} INFO - [2025-10-04T21:44:02.998+0000] {dag.py:3036} INFO - Sync 1 DAGs
[2025-10-04T21:44:03.010+0000] {logging_mixin.py:188} INFO - [2025-10-04T21:44:03.010+0000] {dag.py:3823} INFO - Setting next_dagrun for economic_data_daily_update to 2025-10-04 06:00:00+00:00, run_after=2025-10-05 06:00:00+00:00
[2025-10-04T21:44:03.018+0000] {processor.py:183} INFO - Processing /opt/airflow/dags/economic_data_daily_update.py took 0.298 seconds
[2025-10-04T21:44:33.064+0000] {processor.py:161} INFO - Started process (PID=578) to work on /opt/airflow/dags/economic_data_daily_update.py
[2025-10-04T21:44:33.066+0000] {processor.py:830} INFO - Processing file /opt/airflow/dags/economic_data_daily_update.py for tasks to queue
[2025-10-04T21:44:33.067+0000] {logging_mixin.py:188} INFO - [2025-10-04T21:44:33.066+0000] {dagbag.py:538} INFO - Filling up the DagBag from /opt/airflow/dags/economic_data_daily_update.py
[2025-10-04T21:44:33.282+0000] {processor.py:840} INFO - DAG(s) 'economic_data_daily_update' retrieved from /opt/airflow/dags/economic_data_daily_update.py
[2025-10-04T21:44:33.295+0000] {logging_mixin.py:188} INFO - [2025-10-04T21:44:33.295+0000] {dag.py:3036} INFO - Sync 1 DAGs
[2025-10-04T21:44:33.304+0000] {logging_mixin.py:188} INFO - [2025-10-04T21:44:33.304+0000] {dag.py:3823} INFO - Setting next_dagrun for economic_data_daily_update to 2025-10-04 06:00:00+00:00, run_after=2025-10-05 06:00:00+00:00
[2025-10-04T21:44:33.313+0000] {processor.py:183} INFO - Processing /opt/airflow/dags/economic_data_daily_update.py took 0.251 seconds
[2025-10-04T21:46:57.183+0000] {processor.py:161} INFO - Started process (PID=187) to work on /opt/airflow/dags/economic_data_daily_update.py
[2025-10-04T21:46:57.185+0000] {processor.py:830} INFO - Processing file /opt/airflow/dags/economic_data_daily_update.py for tasks to queue
[2025-10-04T21:46:57.186+0000] {logging_mixin.py:188} INFO - [2025-10-04T21:46:57.186+0000] {dagbag.py:538} INFO - Filling up the DagBag from /opt/airflow/dags/economic_data_daily_update.py
[2025-10-04T21:47:02.091+0000] {processor.py:840} INFO - DAG(s) 'economic_data_daily_update' retrieved from /opt/airflow/dags/economic_data_daily_update.py
[2025-10-04T21:47:03.113+0000] {logging_mixin.py:188} INFO - [2025-10-04T21:47:03.113+0000] {dag.py:3036} INFO - Sync 1 DAGs
[2025-10-04T21:47:04.036+0000] {logging_mixin.py:188} INFO - [2025-10-04T21:47:04.036+0000] {dag.py:3823} INFO - Setting next_dagrun for economic_data_daily_update to 2025-10-04 06:00:00+00:00, run_after=2025-10-05 06:00:00+00:00
[2025-10-04T21:47:04.054+0000] {processor.py:183} INFO - Processing /opt/airflow/dags/economic_data_daily_update.py took 6.875 seconds
[2025-10-04T21:47:34.146+0000] {processor.py:161} INFO - Started process (PID=245) to work on /opt/airflow/dags/economic_data_daily_update.py
[2025-10-04T21:47:34.147+0000] {processor.py:830} INFO - Processing file /opt/airflow/dags/economic_data_daily_update.py for tasks to queue
[2025-10-04T21:47:34.148+0000] {logging_mixin.py:188} INFO - [2025-10-04T21:47:34.148+0000] {dagbag.py:538} INFO - Filling up the DagBag from /opt/airflow/dags/economic_data_daily_update.py
[2025-10-04T21:47:34.372+0000] {processor.py:840} INFO - DAG(s) 'economic_data_daily_update' retrieved from /opt/airflow/dags/economic_data_daily_update.py
[2025-10-04T21:47:34.395+0000] {logging_mixin.py:188} INFO - [2025-10-04T21:47:34.394+0000] {dag.py:3036} INFO - Sync 1 DAGs
[2025-10-04T21:47:34.410+0000] {logging_mixin.py:188} INFO - [2025-10-04T21:47:34.410+0000] {dag.py:3823} INFO - Setting next_dagrun for economic_data_daily_update to 2025-10-04 06:00:00+00:00, run_after=2025-10-05 06:00:00+00:00
[2025-10-04T21:47:34.420+0000] {processor.py:183} INFO - Processing /opt/airflow/dags/economic_data_daily_update.py took 0.278 seconds
[2025-10-04T21:48:05.080+0000] {processor.py:161} INFO - Started process (PID=318) to work on /opt/airflow/dags/economic_data_daily_update.py
[2025-10-04T21:48:05.082+0000] {processor.py:830} INFO - Processing file /opt/airflow/dags/economic_data_daily_update.py for tasks to queue
[2025-10-04T21:48:05.083+0000] {logging_mixin.py:188} INFO - [2025-10-04T21:48:05.083+0000] {dagbag.py:538} INFO - Filling up the DagBag from /opt/airflow/dags/economic_data_daily_update.py
[2025-10-04T21:48:05.309+0000] {processor.py:840} INFO - DAG(s) 'economic_data_daily_update' retrieved from /opt/airflow/dags/economic_data_daily_update.py
[2025-10-04T21:48:05.370+0000] {logging_mixin.py:188} INFO - [2025-10-04T21:48:05.369+0000] {dag.py:3036} INFO - Sync 1 DAGs
[2025-10-04T21:48:05.425+0000] {logging_mixin.py:188} INFO - [2025-10-04T21:48:05.424+0000] {dag.py:3823} INFO - Setting next_dagrun for economic_data_daily_update to 2025-10-04 06:00:00+00:00, run_after=2025-10-05 06:00:00+00:00
[2025-10-04T21:48:05.468+0000] {processor.py:183} INFO - Processing /opt/airflow/dags/economic_data_daily_update.py took 0.389 seconds
[2025-10-04T21:48:35.520+0000] {processor.py:161} INFO - Started process (PID=334) to work on /opt/airflow/dags/economic_data_daily_update.py
[2025-10-04T21:48:35.520+0000] {processor.py:830} INFO - Processing file /opt/airflow/dags/economic_data_daily_update.py for tasks to queue
[2025-10-04T21:48:35.521+0000] {logging_mixin.py:188} INFO - [2025-10-04T21:48:35.521+0000] {dagbag.py:538} INFO - Filling up the DagBag from /opt/airflow/dags/economic_data_daily_update.py
[2025-10-04T21:48:35.672+0000] {processor.py:840} INFO - DAG(s) 'economic_data_daily_update' retrieved from /opt/airflow/dags/economic_data_daily_update.py
[2025-10-04T21:48:35.688+0000] {logging_mixin.py:188} INFO - [2025-10-04T21:48:35.688+0000] {dag.py:3036} INFO - Sync 1 DAGs
[2025-10-04T21:48:35.700+0000] {logging_mixin.py:188} INFO - [2025-10-04T21:48:35.700+0000] {dag.py:3823} INFO - Setting next_dagrun for economic_data_daily_update to 2025-10-04 06:00:00+00:00, run_after=2025-10-05 06:00:00+00:00
[2025-10-04T21:48:35.709+0000] {processor.py:183} INFO - Processing /opt/airflow/dags/economic_data_daily_update.py took 0.191 seconds
[2025-10-04T21:49:05.894+0000] {processor.py:161} INFO - Started process (PID=350) to work on /opt/airflow/dags/economic_data_daily_update.py
[2025-10-04T21:49:05.895+0000] {processor.py:830} INFO - Processing file /opt/airflow/dags/economic_data_daily_update.py for tasks to queue
[2025-10-04T21:49:05.896+0000] {logging_mixin.py:188} INFO - [2025-10-04T21:49:05.896+0000] {dagbag.py:538} INFO - Filling up the DagBag from /opt/airflow/dags/economic_data_daily_update.py
[2025-10-04T21:49:06.089+0000] {processor.py:840} INFO - DAG(s) 'economic_data_daily_update' retrieved from /opt/airflow/dags/economic_data_daily_update.py
[2025-10-04T21:49:06.112+0000] {logging_mixin.py:188} INFO - [2025-10-04T21:49:06.112+0000] {dag.py:3036} INFO - Sync 1 DAGs
[2025-10-04T21:49:06.129+0000] {logging_mixin.py:188} INFO - [2025-10-04T21:49:06.129+0000] {dag.py:3823} INFO - Setting next_dagrun for economic_data_daily_update to 2025-10-04 06:00:00+00:00, run_after=2025-10-05 06:00:00+00:00
[2025-10-04T21:49:06.142+0000] {processor.py:183} INFO - Processing /opt/airflow/dags/economic_data_daily_update.py took 0.251 seconds
[2025-10-04T21:49:36.203+0000] {processor.py:161} INFO - Started process (PID=366) to work on /opt/airflow/dags/economic_data_daily_update.py
[2025-10-04T21:49:36.204+0000] {processor.py:830} INFO - Processing file /opt/airflow/dags/economic_data_daily_update.py for tasks to queue
[2025-10-04T21:49:36.204+0000] {logging_mixin.py:188} INFO - [2025-10-04T21:49:36.204+0000] {dagbag.py:538} INFO - Filling up the DagBag from /opt/airflow/dags/economic_data_daily_update.py
[2025-10-04T21:49:36.382+0000] {processor.py:840} INFO - DAG(s) 'economic_data_daily_update' retrieved from /opt/airflow/dags/economic_data_daily_update.py
[2025-10-04T21:49:36.403+0000] {logging_mixin.py:188} INFO - [2025-10-04T21:49:36.403+0000] {dag.py:3036} INFO - Sync 1 DAGs
[2025-10-04T21:49:36.418+0000] {logging_mixin.py:188} INFO - [2025-10-04T21:49:36.418+0000] {dag.py:3823} INFO - Setting next_dagrun for economic_data_daily_update to 2025-10-04 06:00:00+00:00, run_after=2025-10-05 06:00:00+00:00
[2025-10-04T21:49:36.607+0000] {processor.py:183} INFO - Processing /opt/airflow/dags/economic_data_daily_update.py took 0.406 seconds
[2025-10-04T21:50:32.944+0000] {processor.py:161} INFO - Started process (PID=171) to work on /opt/airflow/dags/economic_data_daily_update.py
[2025-10-04T21:50:32.946+0000] {processor.py:830} INFO - Processing file /opt/airflow/dags/economic_data_daily_update.py for tasks to queue
[2025-10-04T21:50:32.947+0000] {logging_mixin.py:188} INFO - [2025-10-04T21:50:32.946+0000] {dagbag.py:538} INFO - Filling up the DagBag from /opt/airflow/dags/economic_data_daily_update.py
[2025-10-04T21:50:33.579+0000] {processor.py:840} INFO - DAG(s) 'economic_data_daily_update' retrieved from /opt/airflow/dags/economic_data_daily_update.py
[2025-10-04T21:50:33.593+0000] {logging_mixin.py:188} INFO - [2025-10-04T21:50:33.592+0000] {dag.py:3036} INFO - Sync 1 DAGs
[2025-10-04T21:50:33.611+0000] {logging_mixin.py:188} INFO - [2025-10-04T21:50:33.611+0000] {dag.py:3823} INFO - Setting next_dagrun for economic_data_daily_update to 2025-10-04 06:00:00+00:00, run_after=2025-10-05 06:00:00+00:00
[2025-10-04T21:50:33.623+0000] {processor.py:183} INFO - Processing /opt/airflow/dags/economic_data_daily_update.py took 0.681 seconds
[2025-10-04T21:51:03.808+0000] {processor.py:161} INFO - Started process (PID=248) to work on /opt/airflow/dags/economic_data_daily_update.py
[2025-10-04T21:51:03.810+0000] {processor.py:830} INFO - Processing file /opt/airflow/dags/economic_data_daily_update.py for tasks to queue
[2025-10-04T21:51:03.810+0000] {logging_mixin.py:188} INFO - [2025-10-04T21:51:03.810+0000] {dagbag.py:538} INFO - Filling up the DagBag from /opt/airflow/dags/economic_data_daily_update.py
[2025-10-04T21:51:03.976+0000] {processor.py:840} INFO - DAG(s) 'economic_data_daily_update' retrieved from /opt/airflow/dags/economic_data_daily_update.py
[2025-10-04T21:51:04.167+0000] {logging_mixin.py:188} INFO - [2025-10-04T21:51:04.166+0000] {dag.py:3036} INFO - Sync 1 DAGs
[2025-10-04T21:51:04.182+0000] {logging_mixin.py:188} INFO - [2025-10-04T21:51:04.182+0000] {dag.py:3823} INFO - Setting next_dagrun for economic_data_daily_update to 2025-10-04 06:00:00+00:00, run_after=2025-10-05 06:00:00+00:00
[2025-10-04T21:51:04.197+0000] {processor.py:183} INFO - Processing /opt/airflow/dags/economic_data_daily_update.py took 0.391 seconds
[2025-10-04T21:51:34.455+0000] {processor.py:161} INFO - Started process (PID=265) to work on /opt/airflow/dags/economic_data_daily_update.py
[2025-10-04T21:51:34.456+0000] {processor.py:830} INFO - Processing file /opt/airflow/dags/economic_data_daily_update.py for tasks to queue
[2025-10-04T21:51:34.457+0000] {logging_mixin.py:188} INFO - [2025-10-04T21:51:34.457+0000] {dagbag.py:538} INFO - Filling up the DagBag from /opt/airflow/dags/economic_data_daily_update.py
[2025-10-04T21:51:34.642+0000] {processor.py:840} INFO - DAG(s) 'economic_data_daily_update' retrieved from /opt/airflow/dags/economic_data_daily_update.py
[2025-10-04T21:51:34.661+0000] {logging_mixin.py:188} INFO - [2025-10-04T21:51:34.661+0000] {dag.py:3036} INFO - Sync 1 DAGs
[2025-10-04T21:51:34.789+0000] {logging_mixin.py:188} INFO - [2025-10-04T21:51:34.789+0000] {dag.py:3823} INFO - Setting next_dagrun for economic_data_daily_update to 2025-10-04 06:00:00+00:00, run_after=2025-10-05 06:00:00+00:00
[2025-10-04T21:51:34.798+0000] {processor.py:183} INFO - Processing /opt/airflow/dags/economic_data_daily_update.py took 0.346 seconds
[2025-10-04T21:52:04.866+0000] {processor.py:161} INFO - Started process (PID=281) to work on /opt/airflow/dags/economic_data_daily_update.py
[2025-10-04T21:52:04.867+0000] {processor.py:830} INFO - Processing file /opt/airflow/dags/economic_data_daily_update.py for tasks to queue
[2025-10-04T21:52:04.868+0000] {logging_mixin.py:188} INFO - [2025-10-04T21:52:04.867+0000] {dagbag.py:538} INFO - Filling up the DagBag from /opt/airflow/dags/economic_data_daily_update.py
[2025-10-04T21:52:05.002+0000] {processor.py:840} INFO - DAG(s) 'economic_data_daily_update' retrieved from /opt/airflow/dags/economic_data_daily_update.py
[2025-10-04T21:52:05.018+0000] {logging_mixin.py:188} INFO - [2025-10-04T21:52:05.018+0000] {dag.py:3036} INFO - Sync 1 DAGs
[2025-10-04T21:52:05.031+0000] {logging_mixin.py:188} INFO - [2025-10-04T21:52:05.031+0000] {dag.py:3823} INFO - Setting next_dagrun for economic_data_daily_update to 2025-10-04 06:00:00+00:00, run_after=2025-10-05 06:00:00+00:00
[2025-10-04T21:52:05.039+0000] {processor.py:183} INFO - Processing /opt/airflow/dags/economic_data_daily_update.py took 0.176 seconds
[2025-10-04T21:52:35.220+0000] {processor.py:161} INFO - Started process (PID=297) to work on /opt/airflow/dags/economic_data_daily_update.py
[2025-10-04T21:52:35.223+0000] {processor.py:830} INFO - Processing file /opt/airflow/dags/economic_data_daily_update.py for tasks to queue
[2025-10-04T21:52:35.225+0000] {logging_mixin.py:188} INFO - [2025-10-04T21:52:35.225+0000] {dagbag.py:538} INFO - Filling up the DagBag from /opt/airflow/dags/economic_data_daily_update.py
[2025-10-04T21:52:35.509+0000] {processor.py:840} INFO - DAG(s) 'economic_data_daily_update' retrieved from /opt/airflow/dags/economic_data_daily_update.py
[2025-10-04T21:52:35.615+0000] {logging_mixin.py:188} INFO - [2025-10-04T21:52:35.615+0000] {dag.py:3036} INFO - Sync 1 DAGs
[2025-10-04T21:52:35.626+0000] {logging_mixin.py:188} INFO - [2025-10-04T21:52:35.626+0000] {dag.py:3823} INFO - Setting next_dagrun for economic_data_daily_update to 2025-10-04 06:00:00+00:00, run_after=2025-10-05 06:00:00+00:00
[2025-10-04T21:52:35.634+0000] {processor.py:183} INFO - Processing /opt/airflow/dags/economic_data_daily_update.py took 0.420 seconds
[2025-10-04T21:53:05.756+0000] {processor.py:161} INFO - Started process (PID=313) to work on /opt/airflow/dags/economic_data_daily_update.py
[2025-10-04T21:53:05.759+0000] {processor.py:830} INFO - Processing file /opt/airflow/dags/economic_data_daily_update.py for tasks to queue
[2025-10-04T21:53:05.760+0000] {logging_mixin.py:188} INFO - [2025-10-04T21:53:05.760+0000] {dagbag.py:538} INFO - Filling up the DagBag from /opt/airflow/dags/economic_data_daily_update.py
[2025-10-04T21:53:05.906+0000] {processor.py:840} INFO - DAG(s) 'economic_data_daily_update' retrieved from /opt/airflow/dags/economic_data_daily_update.py
[2025-10-04T21:53:05.923+0000] {logging_mixin.py:188} INFO - [2025-10-04T21:53:05.922+0000] {dag.py:3036} INFO - Sync 1 DAGs
[2025-10-04T21:53:06.031+0000] {logging_mixin.py:188} INFO - [2025-10-04T21:53:06.031+0000] {dag.py:3823} INFO - Setting next_dagrun for economic_data_daily_update to 2025-10-04 06:00:00+00:00, run_after=2025-10-05 06:00:00+00:00
[2025-10-04T21:53:06.038+0000] {processor.py:183} INFO - Processing /opt/airflow/dags/economic_data_daily_update.py took 0.285 seconds
[2025-10-04T21:53:36.124+0000] {processor.py:161} INFO - Started process (PID=329) to work on /opt/airflow/dags/economic_data_daily_update.py
[2025-10-04T21:53:36.125+0000] {processor.py:830} INFO - Processing file /opt/airflow/dags/economic_data_daily_update.py for tasks to queue
[2025-10-04T21:53:36.126+0000] {logging_mixin.py:188} INFO - [2025-10-04T21:53:36.126+0000] {dagbag.py:538} INFO - Filling up the DagBag from /opt/airflow/dags/economic_data_daily_update.py
[2025-10-04T21:53:36.321+0000] {processor.py:840} INFO - DAG(s) 'economic_data_daily_update' retrieved from /opt/airflow/dags/economic_data_daily_update.py
[2025-10-04T21:53:36.334+0000] {logging_mixin.py:188} INFO - [2025-10-04T21:53:36.334+0000] {dag.py:3036} INFO - Sync 1 DAGs
[2025-10-04T21:53:36.343+0000] {logging_mixin.py:188} INFO - [2025-10-04T21:53:36.343+0000] {dag.py:3823} INFO - Setting next_dagrun for economic_data_daily_update to 2025-10-04 06:00:00+00:00, run_after=2025-10-05 06:00:00+00:00
[2025-10-04T21:53:36.350+0000] {processor.py:183} INFO - Processing /opt/airflow/dags/economic_data_daily_update.py took 0.229 seconds
[2025-10-04T21:54:06.466+0000] {processor.py:161} INFO - Started process (PID=345) to work on /opt/airflow/dags/economic_data_daily_update.py
[2025-10-04T21:54:06.467+0000] {processor.py:830} INFO - Processing file /opt/airflow/dags/economic_data_daily_update.py for tasks to queue
[2025-10-04T21:54:06.468+0000] {logging_mixin.py:188} INFO - [2025-10-04T21:54:06.468+0000] {dagbag.py:538} INFO - Filling up the DagBag from /opt/airflow/dags/economic_data_daily_update.py
[2025-10-04T21:54:06.700+0000] {processor.py:840} INFO - DAG(s) 'economic_data_daily_update' retrieved from /opt/airflow/dags/economic_data_daily_update.py
[2025-10-04T21:54:06.716+0000] {logging_mixin.py:188} INFO - [2025-10-04T21:54:06.716+0000] {dag.py:3036} INFO - Sync 1 DAGs
[2025-10-04T21:54:06.726+0000] {logging_mixin.py:188} INFO - [2025-10-04T21:54:06.725+0000] {dag.py:3823} INFO - Setting next_dagrun for economic_data_daily_update to 2025-10-04 06:00:00+00:00, run_after=2025-10-05 06:00:00+00:00
[2025-10-04T21:54:06.733+0000] {processor.py:183} INFO - Processing /opt/airflow/dags/economic_data_daily_update.py took 0.270 seconds
[2025-10-04T21:54:36.804+0000] {processor.py:161} INFO - Started process (PID=361) to work on /opt/airflow/dags/economic_data_daily_update.py
[2025-10-04T21:54:36.805+0000] {processor.py:830} INFO - Processing file /opt/airflow/dags/economic_data_daily_update.py for tasks to queue
[2025-10-04T21:54:36.806+0000] {logging_mixin.py:188} INFO - [2025-10-04T21:54:36.806+0000] {dagbag.py:538} INFO - Filling up the DagBag from /opt/airflow/dags/economic_data_daily_update.py
[2025-10-04T21:54:37.003+0000] {processor.py:840} INFO - DAG(s) 'economic_data_daily_update' retrieved from /opt/airflow/dags/economic_data_daily_update.py
[2025-10-04T21:54:37.016+0000] {logging_mixin.py:188} INFO - [2025-10-04T21:54:37.016+0000] {dag.py:3036} INFO - Sync 1 DAGs
[2025-10-04T21:54:37.026+0000] {logging_mixin.py:188} INFO - [2025-10-04T21:54:37.026+0000] {dag.py:3823} INFO - Setting next_dagrun for economic_data_daily_update to 2025-10-04 06:00:00+00:00, run_after=2025-10-05 06:00:00+00:00
[2025-10-04T21:54:37.033+0000] {processor.py:183} INFO - Processing /opt/airflow/dags/economic_data_daily_update.py took 0.231 seconds
[2025-10-04T21:55:07.113+0000] {processor.py:161} INFO - Started process (PID=377) to work on /opt/airflow/dags/economic_data_daily_update.py
[2025-10-04T21:55:07.114+0000] {processor.py:830} INFO - Processing file /opt/airflow/dags/economic_data_daily_update.py for tasks to queue
[2025-10-04T21:55:07.115+0000] {logging_mixin.py:188} INFO - [2025-10-04T21:55:07.115+0000] {dagbag.py:538} INFO - Filling up the DagBag from /opt/airflow/dags/economic_data_daily_update.py
[2025-10-04T21:55:07.373+0000] {processor.py:840} INFO - DAG(s) 'economic_data_daily_update' retrieved from /opt/airflow/dags/economic_data_daily_update.py
[2025-10-04T21:55:07.388+0000] {logging_mixin.py:188} INFO - [2025-10-04T21:55:07.387+0000] {dag.py:3036} INFO - Sync 1 DAGs
[2025-10-04T21:55:07.401+0000] {logging_mixin.py:188} INFO - [2025-10-04T21:55:07.400+0000] {dag.py:3823} INFO - Setting next_dagrun for economic_data_daily_update to 2025-10-04 06:00:00+00:00, run_after=2025-10-05 06:00:00+00:00
[2025-10-04T21:55:07.411+0000] {processor.py:183} INFO - Processing /opt/airflow/dags/economic_data_daily_update.py took 0.301 seconds
[2025-10-04T21:55:37.511+0000] {processor.py:161} INFO - Started process (PID=393) to work on /opt/airflow/dags/economic_data_daily_update.py
[2025-10-04T21:55:37.512+0000] {processor.py:830} INFO - Processing file /opt/airflow/dags/economic_data_daily_update.py for tasks to queue
[2025-10-04T21:55:37.513+0000] {logging_mixin.py:188} INFO - [2025-10-04T21:55:37.513+0000] {dagbag.py:538} INFO - Filling up the DagBag from /opt/airflow/dags/economic_data_daily_update.py
[2025-10-04T21:55:37.773+0000] {processor.py:840} INFO - DAG(s) 'economic_data_daily_update' retrieved from /opt/airflow/dags/economic_data_daily_update.py
[2025-10-04T21:55:37.788+0000] {logging_mixin.py:188} INFO - [2025-10-04T21:55:37.787+0000] {dag.py:3036} INFO - Sync 1 DAGs
[2025-10-04T21:55:37.798+0000] {logging_mixin.py:188} INFO - [2025-10-04T21:55:37.798+0000] {dag.py:3823} INFO - Setting next_dagrun for economic_data_daily_update to 2025-10-04 06:00:00+00:00, run_after=2025-10-05 06:00:00+00:00
[2025-10-04T21:55:37.805+0000] {processor.py:183} INFO - Processing /opt/airflow/dags/economic_data_daily_update.py took 0.297 seconds
[2025-10-04T21:56:07.941+0000] {processor.py:161} INFO - Started process (PID=427) to work on /opt/airflow/dags/economic_data_daily_update.py
[2025-10-04T21:56:07.943+0000] {processor.py:830} INFO - Processing file /opt/airflow/dags/economic_data_daily_update.py for tasks to queue
[2025-10-04T21:56:07.945+0000] {logging_mixin.py:188} INFO - [2025-10-04T21:56:07.944+0000] {dagbag.py:538} INFO - Filling up the DagBag from /opt/airflow/dags/economic_data_daily_update.py
[2025-10-04T21:56:08.602+0000] {processor.py:840} INFO - DAG(s) 'economic_data_daily_update' retrieved from /opt/airflow/dags/economic_data_daily_update.py
[2025-10-04T21:56:08.621+0000] {logging_mixin.py:188} INFO - [2025-10-04T21:56:08.621+0000] {dag.py:3036} INFO - Sync 1 DAGs
[2025-10-04T21:56:08.638+0000] {logging_mixin.py:188} INFO - [2025-10-04T21:56:08.638+0000] {dag.py:3823} INFO - Setting next_dagrun for economic_data_daily_update to 2025-10-04 06:00:00+00:00, run_after=2025-10-05 06:00:00+00:00
[2025-10-04T21:56:08.661+0000] {processor.py:183} INFO - Processing /opt/airflow/dags/economic_data_daily_update.py took 0.748 seconds
[2025-10-04T21:56:38.959+0000] {processor.py:161} INFO - Started process (PID=455) to work on /opt/airflow/dags/economic_data_daily_update.py
[2025-10-04T21:56:38.961+0000] {processor.py:830} INFO - Processing file /opt/airflow/dags/economic_data_daily_update.py for tasks to queue
[2025-10-04T21:56:38.961+0000] {logging_mixin.py:188} INFO - [2025-10-04T21:56:38.961+0000] {dagbag.py:538} INFO - Filling up the DagBag from /opt/airflow/dags/economic_data_daily_update.py
[2025-10-04T21:56:39.224+0000] {processor.py:840} INFO - DAG(s) 'economic_data_daily_update' retrieved from /opt/airflow/dags/economic_data_daily_update.py
[2025-10-04T21:56:39.240+0000] {logging_mixin.py:188} INFO - [2025-10-04T21:56:39.239+0000] {dag.py:3036} INFO - Sync 1 DAGs
[2025-10-04T21:56:39.253+0000] {logging_mixin.py:188} INFO - [2025-10-04T21:56:39.253+0000] {dag.py:3823} INFO - Setting next_dagrun for economic_data_daily_update to 2025-10-04 06:00:00+00:00, run_after=2025-10-05 06:00:00+00:00
[2025-10-04T21:56:39.264+0000] {processor.py:183} INFO - Processing /opt/airflow/dags/economic_data_daily_update.py took 0.306 seconds
[2025-10-04T21:57:09.314+0000] {processor.py:161} INFO - Started process (PID=471) to work on /opt/airflow/dags/economic_data_daily_update.py
[2025-10-04T21:57:09.316+0000] {processor.py:830} INFO - Processing file /opt/airflow/dags/economic_data_daily_update.py for tasks to queue
[2025-10-04T21:57:09.317+0000] {logging_mixin.py:188} INFO - [2025-10-04T21:57:09.316+0000] {dagbag.py:538} INFO - Filling up the DagBag from /opt/airflow/dags/economic_data_daily_update.py
[2025-10-04T21:57:09.619+0000] {processor.py:840} INFO - DAG(s) 'economic_data_daily_update' retrieved from /opt/airflow/dags/economic_data_daily_update.py
[2025-10-04T21:57:09.635+0000] {logging_mixin.py:188} INFO - [2025-10-04T21:57:09.635+0000] {dag.py:3036} INFO - Sync 1 DAGs
[2025-10-04T21:57:09.650+0000] {logging_mixin.py:188} INFO - [2025-10-04T21:57:09.650+0000] {dag.py:3823} INFO - Setting next_dagrun for economic_data_daily_update to 2025-10-04 06:00:00+00:00, run_after=2025-10-05 06:00:00+00:00
[2025-10-04T21:57:09.660+0000] {processor.py:183} INFO - Processing /opt/airflow/dags/economic_data_daily_update.py took 0.349 seconds
[2025-10-04T21:57:39.714+0000] {processor.py:161} INFO - Started process (PID=492) to work on /opt/airflow/dags/economic_data_daily_update.py
[2025-10-04T21:57:39.715+0000] {processor.py:830} INFO - Processing file /opt/airflow/dags/economic_data_daily_update.py for tasks to queue
[2025-10-04T21:57:39.716+0000] {logging_mixin.py:188} INFO - [2025-10-04T21:57:39.715+0000] {dagbag.py:538} INFO - Filling up the DagBag from /opt/airflow/dags/economic_data_daily_update.py
[2025-10-04T21:57:39.914+0000] {processor.py:840} INFO - DAG(s) 'economic_data_daily_update' retrieved from /opt/airflow/dags/economic_data_daily_update.py
[2025-10-04T21:57:39.928+0000] {logging_mixin.py:188} INFO - [2025-10-04T21:57:39.928+0000] {dag.py:3036} INFO - Sync 1 DAGs
[2025-10-04T21:57:39.939+0000] {logging_mixin.py:188} INFO - [2025-10-04T21:57:39.939+0000] {dag.py:3823} INFO - Setting next_dagrun for economic_data_daily_update to 2025-10-04 06:00:00+00:00, run_after=2025-10-05 06:00:00+00:00
[2025-10-04T21:57:39.947+0000] {processor.py:183} INFO - Processing /opt/airflow/dags/economic_data_daily_update.py took 0.235 seconds
[2025-10-04T21:58:09.974+0000] {processor.py:161} INFO - Started process (PID=503) to work on /opt/airflow/dags/economic_data_daily_update.py
[2025-10-04T21:58:09.976+0000] {processor.py:830} INFO - Processing file /opt/airflow/dags/economic_data_daily_update.py for tasks to queue
[2025-10-04T21:58:09.977+0000] {logging_mixin.py:188} INFO - [2025-10-04T21:58:09.976+0000] {dagbag.py:538} INFO - Filling up the DagBag from /opt/airflow/dags/economic_data_daily_update.py
[2025-10-04T21:58:10.216+0000] {processor.py:840} INFO - DAG(s) 'economic_data_daily_update' retrieved from /opt/airflow/dags/economic_data_daily_update.py
[2025-10-04T21:58:10.232+0000] {logging_mixin.py:188} INFO - [2025-10-04T21:58:10.232+0000] {dag.py:3036} INFO - Sync 1 DAGs
[2025-10-04T21:58:10.244+0000] {logging_mixin.py:188} INFO - [2025-10-04T21:58:10.244+0000] {dag.py:3823} INFO - Setting next_dagrun for economic_data_daily_update to 2025-10-04 06:00:00+00:00, run_after=2025-10-05 06:00:00+00:00
[2025-10-04T21:58:10.254+0000] {processor.py:183} INFO - Processing /opt/airflow/dags/economic_data_daily_update.py took 0.282 seconds
[2025-10-04T21:58:40.328+0000] {processor.py:161} INFO - Started process (PID=519) to work on /opt/airflow/dags/economic_data_daily_update.py
[2025-10-04T21:58:40.329+0000] {processor.py:830} INFO - Processing file /opt/airflow/dags/economic_data_daily_update.py for tasks to queue
[2025-10-04T21:58:40.330+0000] {logging_mixin.py:188} INFO - [2025-10-04T21:58:40.330+0000] {dagbag.py:538} INFO - Filling up the DagBag from /opt/airflow/dags/economic_data_daily_update.py
[2025-10-04T21:58:40.673+0000] {processor.py:840} INFO - DAG(s) 'economic_data_daily_update' retrieved from /opt/airflow/dags/economic_data_daily_update.py
[2025-10-04T21:58:40.690+0000] {logging_mixin.py:188} INFO - [2025-10-04T21:58:40.689+0000] {dag.py:3036} INFO - Sync 1 DAGs
[2025-10-04T21:58:40.703+0000] {logging_mixin.py:188} INFO - [2025-10-04T21:58:40.703+0000] {dag.py:3823} INFO - Setting next_dagrun for economic_data_daily_update to 2025-10-04 06:00:00+00:00, run_after=2025-10-05 06:00:00+00:00
[2025-10-04T21:58:40.714+0000] {processor.py:183} INFO - Processing /opt/airflow/dags/economic_data_daily_update.py took 0.389 seconds
[2025-10-04T21:59:11.653+0000] {processor.py:161} INFO - Started process (PID=540) to work on /opt/airflow/dags/economic_data_daily_update.py
[2025-10-04T21:59:11.655+0000] {processor.py:830} INFO - Processing file /opt/airflow/dags/economic_data_daily_update.py for tasks to queue
[2025-10-04T21:59:11.655+0000] {logging_mixin.py:188} INFO - [2025-10-04T21:59:11.655+0000] {dagbag.py:538} INFO - Filling up the DagBag from /opt/airflow/dags/economic_data_daily_update.py
[2025-10-04T21:59:11.912+0000] {processor.py:840} INFO - DAG(s) 'economic_data_daily_update' retrieved from /opt/airflow/dags/economic_data_daily_update.py
[2025-10-04T21:59:11.930+0000] {logging_mixin.py:188} INFO - [2025-10-04T21:59:11.930+0000] {dag.py:3036} INFO - Sync 1 DAGs
[2025-10-04T21:59:11.945+0000] {logging_mixin.py:188} INFO - [2025-10-04T21:59:11.945+0000] {dag.py:3823} INFO - Setting next_dagrun for economic_data_daily_update to 2025-10-04 06:00:00+00:00, run_after=2025-10-05 06:00:00+00:00
[2025-10-04T21:59:11.959+0000] {processor.py:183} INFO - Processing /opt/airflow/dags/economic_data_daily_update.py took 0.309 seconds
[2025-10-04T21:59:42.005+0000] {processor.py:161} INFO - Started process (PID=556) to work on /opt/airflow/dags/economic_data_daily_update.py
[2025-10-04T21:59:42.007+0000] {processor.py:830} INFO - Processing file /opt/airflow/dags/economic_data_daily_update.py for tasks to queue
[2025-10-04T21:59:42.008+0000] {logging_mixin.py:188} INFO - [2025-10-04T21:59:42.008+0000] {dagbag.py:538} INFO - Filling up the DagBag from /opt/airflow/dags/economic_data_daily_update.py
[2025-10-04T21:59:42.286+0000] {processor.py:840} INFO - DAG(s) 'economic_data_daily_update' retrieved from /opt/airflow/dags/economic_data_daily_update.py
[2025-10-04T21:59:42.303+0000] {logging_mixin.py:188} INFO - [2025-10-04T21:59:42.303+0000] {dag.py:3036} INFO - Sync 1 DAGs
[2025-10-04T21:59:42.316+0000] {logging_mixin.py:188} INFO - [2025-10-04T21:59:42.316+0000] {dag.py:3823} INFO - Setting next_dagrun for economic_data_daily_update to 2025-10-04 06:00:00+00:00, run_after=2025-10-05 06:00:00+00:00
[2025-10-04T21:59:42.327+0000] {processor.py:183} INFO - Processing /opt/airflow/dags/economic_data_daily_update.py took 0.324 seconds
