[2025-10-04T21:37:17.933+0000] {processor.py:161} INFO - Started process (PID=179) to work on /opt/airflow/dags/portfolio_data_pipeline.py
[2025-10-04T21:37:17.935+0000] {processor.py:830} INFO - Processing file /opt/airflow/dags/portfolio_data_pipeline.py for tasks to queue
[2025-10-04T21:37:17.936+0000] {logging_mixin.py:188} INFO - [2025-10-04T21:37:17.936+0000] {dagbag.py:538} INFO - Filling up the DagBag from /opt/airflow/dags/portfolio_data_pipeline.py
[2025-10-04T21:37:17.945+0000] {processor.py:840} INFO - DAG(s) 'portfolio_data_pipeline' retrieved from /opt/airflow/dags/portfolio_data_pipeline.py
[2025-10-04T21:37:17.955+0000] {logging_mixin.py:188} INFO - [2025-10-04T21:37:17.955+0000] {dag.py:3036} INFO - Sync 1 DAGs
[2025-10-04T21:37:17.969+0000] {logging_mixin.py:188} INFO - [2025-10-04T21:37:17.969+0000] {dag.py:3823} INFO - Setting next_dagrun for portfolio_data_pipeline to 2025-10-03 06:00:00+00:00, run_after=2025-10-04 06:00:00+00:00
[2025-10-04T21:37:17.988+0000] {processor.py:183} INFO - Processing /opt/airflow/dags/portfolio_data_pipeline.py took 0.057 seconds
[2025-10-04T21:37:59.575+0000] {processor.py:161} INFO - Started process (PID=243) to work on /opt/airflow/dags/portfolio_data_pipeline.py
[2025-10-04T21:37:59.590+0000] {processor.py:830} INFO - Processing file /opt/airflow/dags/portfolio_data_pipeline.py for tasks to queue
[2025-10-04T21:37:59.614+0000] {logging_mixin.py:188} INFO - [2025-10-04T21:37:59.592+0000] {dagbag.py:538} INFO - Filling up the DagBag from /opt/airflow/dags/portfolio_data_pipeline.py
[2025-10-04T21:37:59.757+0000] {processor.py:840} INFO - DAG(s) 'portfolio_data_pipeline' retrieved from /opt/airflow/dags/portfolio_data_pipeline.py
[2025-10-04T21:38:00.204+0000] {logging_mixin.py:188} INFO - [2025-10-04T21:38:00.193+0000] {dag.py:3036} INFO - Sync 1 DAGs
[2025-10-04T21:38:00.247+0000] {logging_mixin.py:188} INFO - [2025-10-04T21:38:00.246+0000] {dag.py:3823} INFO - Setting next_dagrun for portfolio_data_pipeline to 2025-10-03 06:00:00+00:00, run_after=2025-10-04 06:00:00+00:00
[2025-10-04T21:38:00.299+0000] {processor.py:183} INFO - Processing /opt/airflow/dags/portfolio_data_pipeline.py took 0.742 seconds
[2025-10-04T21:38:30.931+0000] {processor.py:161} INFO - Started process (PID=316) to work on /opt/airflow/dags/portfolio_data_pipeline.py
[2025-10-04T21:38:30.933+0000] {processor.py:830} INFO - Processing file /opt/airflow/dags/portfolio_data_pipeline.py for tasks to queue
[2025-10-04T21:38:30.935+0000] {logging_mixin.py:188} INFO - [2025-10-04T21:38:30.934+0000] {dagbag.py:538} INFO - Filling up the DagBag from /opt/airflow/dags/portfolio_data_pipeline.py
[2025-10-04T21:38:31.043+0000] {processor.py:840} INFO - DAG(s) 'portfolio_data_pipeline' retrieved from /opt/airflow/dags/portfolio_data_pipeline.py
[2025-10-04T21:38:31.145+0000] {logging_mixin.py:188} INFO - [2025-10-04T21:38:31.145+0000] {dag.py:3036} INFO - Sync 1 DAGs
[2025-10-04T21:38:31.224+0000] {logging_mixin.py:188} INFO - [2025-10-04T21:38:31.224+0000] {dag.py:3823} INFO - Setting next_dagrun for portfolio_data_pipeline to 2025-10-03 06:00:00+00:00, run_after=2025-10-04 06:00:00+00:00
[2025-10-04T21:38:31.285+0000] {processor.py:183} INFO - Processing /opt/airflow/dags/portfolio_data_pipeline.py took 0.358 seconds
[2025-10-04T21:39:02.077+0000] {processor.py:161} INFO - Started process (PID=335) to work on /opt/airflow/dags/portfolio_data_pipeline.py
[2025-10-04T21:39:02.079+0000] {processor.py:830} INFO - Processing file /opt/airflow/dags/portfolio_data_pipeline.py for tasks to queue
[2025-10-04T21:39:02.079+0000] {logging_mixin.py:188} INFO - [2025-10-04T21:39:02.079+0000] {dagbag.py:538} INFO - Filling up the DagBag from /opt/airflow/dags/portfolio_data_pipeline.py
[2025-10-04T21:39:02.102+0000] {processor.py:840} INFO - DAG(s) 'portfolio_data_pipeline' retrieved from /opt/airflow/dags/portfolio_data_pipeline.py
[2025-10-04T21:39:02.130+0000] {logging_mixin.py:188} INFO - [2025-10-04T21:39:02.130+0000] {dag.py:3036} INFO - Sync 1 DAGs
[2025-10-04T21:39:02.151+0000] {logging_mixin.py:188} INFO - [2025-10-04T21:39:02.151+0000] {dag.py:3823} INFO - Setting next_dagrun for portfolio_data_pipeline to 2025-10-03 06:00:00+00:00, run_after=2025-10-04 06:00:00+00:00
[2025-10-04T21:39:02.170+0000] {processor.py:183} INFO - Processing /opt/airflow/dags/portfolio_data_pipeline.py took 0.096 seconds
[2025-10-04T21:39:32.556+0000] {processor.py:161} INFO - Started process (PID=366) to work on /opt/airflow/dags/portfolio_data_pipeline.py
[2025-10-04T21:39:32.556+0000] {processor.py:830} INFO - Processing file /opt/airflow/dags/portfolio_data_pipeline.py for tasks to queue
[2025-10-04T21:39:32.557+0000] {logging_mixin.py:188} INFO - [2025-10-04T21:39:32.557+0000] {dagbag.py:538} INFO - Filling up the DagBag from /opt/airflow/dags/portfolio_data_pipeline.py
[2025-10-04T21:39:32.564+0000] {processor.py:840} INFO - DAG(s) 'portfolio_data_pipeline' retrieved from /opt/airflow/dags/portfolio_data_pipeline.py
[2025-10-04T21:39:32.579+0000] {logging_mixin.py:188} INFO - [2025-10-04T21:39:32.579+0000] {dag.py:3036} INFO - Sync 1 DAGs
[2025-10-04T21:39:32.594+0000] {logging_mixin.py:188} INFO - [2025-10-04T21:39:32.594+0000] {dag.py:3823} INFO - Setting next_dagrun for portfolio_data_pipeline to 2025-10-03 06:00:00+00:00, run_after=2025-10-04 06:00:00+00:00
[2025-10-04T21:39:32.604+0000] {processor.py:183} INFO - Processing /opt/airflow/dags/portfolio_data_pipeline.py took 0.051 seconds
[2025-10-04T21:40:02.796+0000] {processor.py:161} INFO - Started process (PID=388) to work on /opt/airflow/dags/portfolio_data_pipeline.py
[2025-10-04T21:40:02.797+0000] {processor.py:830} INFO - Processing file /opt/airflow/dags/portfolio_data_pipeline.py for tasks to queue
[2025-10-04T21:40:02.797+0000] {logging_mixin.py:188} INFO - [2025-10-04T21:40:02.797+0000] {dagbag.py:538} INFO - Filling up the DagBag from /opt/airflow/dags/portfolio_data_pipeline.py
[2025-10-04T21:40:02.807+0000] {processor.py:840} INFO - DAG(s) 'portfolio_data_pipeline' retrieved from /opt/airflow/dags/portfolio_data_pipeline.py
[2025-10-04T21:40:02.824+0000] {logging_mixin.py:188} INFO - [2025-10-04T21:40:02.824+0000] {dag.py:3036} INFO - Sync 1 DAGs
[2025-10-04T21:40:02.839+0000] {logging_mixin.py:188} INFO - [2025-10-04T21:40:02.839+0000] {dag.py:3823} INFO - Setting next_dagrun for portfolio_data_pipeline to 2025-10-03 06:00:00+00:00, run_after=2025-10-04 06:00:00+00:00
[2025-10-04T21:40:02.849+0000] {processor.py:183} INFO - Processing /opt/airflow/dags/portfolio_data_pipeline.py took 0.056 seconds
[2025-10-04T21:40:33.044+0000] {processor.py:161} INFO - Started process (PID=404) to work on /opt/airflow/dags/portfolio_data_pipeline.py
[2025-10-04T21:40:33.047+0000] {processor.py:830} INFO - Processing file /opt/airflow/dags/portfolio_data_pipeline.py for tasks to queue
[2025-10-04T21:40:33.049+0000] {logging_mixin.py:188} INFO - [2025-10-04T21:40:33.049+0000] {dagbag.py:538} INFO - Filling up the DagBag from /opt/airflow/dags/portfolio_data_pipeline.py
[2025-10-04T21:40:33.060+0000] {processor.py:840} INFO - DAG(s) 'portfolio_data_pipeline' retrieved from /opt/airflow/dags/portfolio_data_pipeline.py
[2025-10-04T21:40:33.084+0000] {logging_mixin.py:188} INFO - [2025-10-04T21:40:33.084+0000] {dag.py:3036} INFO - Sync 1 DAGs
[2025-10-04T21:40:33.104+0000] {logging_mixin.py:188} INFO - [2025-10-04T21:40:33.103+0000] {dag.py:3823} INFO - Setting next_dagrun for portfolio_data_pipeline to 2025-10-03 06:00:00+00:00, run_after=2025-10-04 06:00:00+00:00
[2025-10-04T21:40:33.116+0000] {processor.py:183} INFO - Processing /opt/airflow/dags/portfolio_data_pipeline.py took 0.074 seconds
[2025-10-04T21:41:03.551+0000] {processor.py:161} INFO - Started process (PID=477) to work on /opt/airflow/dags/portfolio_data_pipeline.py
[2025-10-04T21:41:03.553+0000] {processor.py:830} INFO - Processing file /opt/airflow/dags/portfolio_data_pipeline.py for tasks to queue
[2025-10-04T21:41:03.555+0000] {logging_mixin.py:188} INFO - [2025-10-04T21:41:03.555+0000] {dagbag.py:538} INFO - Filling up the DagBag from /opt/airflow/dags/portfolio_data_pipeline.py
[2025-10-04T21:41:03.569+0000] {processor.py:840} INFO - DAG(s) 'portfolio_data_pipeline' retrieved from /opt/airflow/dags/portfolio_data_pipeline.py
[2025-10-04T21:41:03.594+0000] {logging_mixin.py:188} INFO - [2025-10-04T21:41:03.593+0000] {dag.py:3036} INFO - Sync 1 DAGs
[2025-10-04T21:41:03.610+0000] {logging_mixin.py:188} INFO - [2025-10-04T21:41:03.610+0000] {dag.py:3823} INFO - Setting next_dagrun for portfolio_data_pipeline to 2025-10-03 06:00:00+00:00, run_after=2025-10-04 06:00:00+00:00
[2025-10-04T21:41:03.621+0000] {processor.py:183} INFO - Processing /opt/airflow/dags/portfolio_data_pipeline.py took 0.074 seconds
[2025-10-04T21:41:33.962+0000] {processor.py:161} INFO - Started process (PID=493) to work on /opt/airflow/dags/portfolio_data_pipeline.py
[2025-10-04T21:41:33.965+0000] {processor.py:830} INFO - Processing file /opt/airflow/dags/portfolio_data_pipeline.py for tasks to queue
[2025-10-04T21:41:33.968+0000] {logging_mixin.py:188} INFO - [2025-10-04T21:41:33.967+0000] {dagbag.py:538} INFO - Filling up the DagBag from /opt/airflow/dags/portfolio_data_pipeline.py
[2025-10-04T21:41:34.006+0000] {processor.py:840} INFO - DAG(s) 'portfolio_data_pipeline' retrieved from /opt/airflow/dags/portfolio_data_pipeline.py
[2025-10-04T21:41:34.059+0000] {logging_mixin.py:188} INFO - [2025-10-04T21:41:34.058+0000] {dag.py:3036} INFO - Sync 1 DAGs
[2025-10-04T21:41:34.102+0000] {logging_mixin.py:188} INFO - [2025-10-04T21:41:34.101+0000] {dag.py:3823} INFO - Setting next_dagrun for portfolio_data_pipeline to 2025-10-03 06:00:00+00:00, run_after=2025-10-04 06:00:00+00:00
[2025-10-04T21:41:34.137+0000] {processor.py:183} INFO - Processing /opt/airflow/dags/portfolio_data_pipeline.py took 0.182 seconds
[2025-10-04T21:42:04.380+0000] {processor.py:161} INFO - Started process (PID=509) to work on /opt/airflow/dags/portfolio_data_pipeline.py
[2025-10-04T21:42:04.381+0000] {processor.py:830} INFO - Processing file /opt/airflow/dags/portfolio_data_pipeline.py for tasks to queue
[2025-10-04T21:42:04.382+0000] {logging_mixin.py:188} INFO - [2025-10-04T21:42:04.381+0000] {dagbag.py:538} INFO - Filling up the DagBag from /opt/airflow/dags/portfolio_data_pipeline.py
[2025-10-04T21:42:04.391+0000] {processor.py:840} INFO - DAG(s) 'portfolio_data_pipeline' retrieved from /opt/airflow/dags/portfolio_data_pipeline.py
[2025-10-04T21:42:04.410+0000] {logging_mixin.py:188} INFO - [2025-10-04T21:42:04.410+0000] {dag.py:3036} INFO - Sync 1 DAGs
[2025-10-04T21:42:04.423+0000] {logging_mixin.py:188} INFO - [2025-10-04T21:42:04.423+0000] {dag.py:3823} INFO - Setting next_dagrun for portfolio_data_pipeline to 2025-10-03 06:00:00+00:00, run_after=2025-10-04 06:00:00+00:00
[2025-10-04T21:42:04.434+0000] {processor.py:183} INFO - Processing /opt/airflow/dags/portfolio_data_pipeline.py took 0.056 seconds
[2025-10-04T21:42:34.702+0000] {processor.py:161} INFO - Started process (PID=525) to work on /opt/airflow/dags/portfolio_data_pipeline.py
[2025-10-04T21:42:34.703+0000] {processor.py:830} INFO - Processing file /opt/airflow/dags/portfolio_data_pipeline.py for tasks to queue
[2025-10-04T21:42:34.703+0000] {logging_mixin.py:188} INFO - [2025-10-04T21:42:34.703+0000] {dagbag.py:538} INFO - Filling up the DagBag from /opt/airflow/dags/portfolio_data_pipeline.py
[2025-10-04T21:42:34.713+0000] {processor.py:840} INFO - DAG(s) 'portfolio_data_pipeline' retrieved from /opt/airflow/dags/portfolio_data_pipeline.py
[2025-10-04T21:42:34.732+0000] {logging_mixin.py:188} INFO - [2025-10-04T21:42:34.732+0000] {dag.py:3036} INFO - Sync 1 DAGs
[2025-10-04T21:42:34.749+0000] {logging_mixin.py:188} INFO - [2025-10-04T21:42:34.749+0000] {dag.py:3823} INFO - Setting next_dagrun for portfolio_data_pipeline to 2025-10-03 06:00:00+00:00, run_after=2025-10-04 06:00:00+00:00
[2025-10-04T21:42:34.761+0000] {processor.py:183} INFO - Processing /opt/airflow/dags/portfolio_data_pipeline.py took 0.062 seconds
[2025-10-04T21:43:05.062+0000] {processor.py:161} INFO - Started process (PID=541) to work on /opt/airflow/dags/portfolio_data_pipeline.py
[2025-10-04T21:43:05.064+0000] {processor.py:830} INFO - Processing file /opt/airflow/dags/portfolio_data_pipeline.py for tasks to queue
[2025-10-04T21:43:05.065+0000] {logging_mixin.py:188} INFO - [2025-10-04T21:43:05.065+0000] {dagbag.py:538} INFO - Filling up the DagBag from /opt/airflow/dags/portfolio_data_pipeline.py
[2025-10-04T21:43:05.076+0000] {processor.py:840} INFO - DAG(s) 'portfolio_data_pipeline' retrieved from /opt/airflow/dags/portfolio_data_pipeline.py
[2025-10-04T21:43:05.097+0000] {logging_mixin.py:188} INFO - [2025-10-04T21:43:05.097+0000] {dag.py:3036} INFO - Sync 1 DAGs
[2025-10-04T21:43:05.113+0000] {logging_mixin.py:188} INFO - [2025-10-04T21:43:05.113+0000] {dag.py:3823} INFO - Setting next_dagrun for portfolio_data_pipeline to 2025-10-03 06:00:00+00:00, run_after=2025-10-04 06:00:00+00:00
[2025-10-04T21:43:05.127+0000] {processor.py:183} INFO - Processing /opt/airflow/dags/portfolio_data_pipeline.py took 0.068 seconds
[2025-10-04T21:43:35.403+0000] {processor.py:161} INFO - Started process (PID=557) to work on /opt/airflow/dags/portfolio_data_pipeline.py
[2025-10-04T21:43:35.405+0000] {processor.py:830} INFO - Processing file /opt/airflow/dags/portfolio_data_pipeline.py for tasks to queue
[2025-10-04T21:43:35.405+0000] {logging_mixin.py:188} INFO - [2025-10-04T21:43:35.405+0000] {dagbag.py:538} INFO - Filling up the DagBag from /opt/airflow/dags/portfolio_data_pipeline.py
[2025-10-04T21:43:35.418+0000] {processor.py:840} INFO - DAG(s) 'portfolio_data_pipeline' retrieved from /opt/airflow/dags/portfolio_data_pipeline.py
[2025-10-04T21:43:35.443+0000] {logging_mixin.py:188} INFO - [2025-10-04T21:43:35.443+0000] {dag.py:3036} INFO - Sync 1 DAGs
[2025-10-04T21:43:35.460+0000] {logging_mixin.py:188} INFO - [2025-10-04T21:43:35.460+0000] {dag.py:3823} INFO - Setting next_dagrun for portfolio_data_pipeline to 2025-10-03 06:00:00+00:00, run_after=2025-10-04 06:00:00+00:00
[2025-10-04T21:43:35.473+0000] {processor.py:183} INFO - Processing /opt/airflow/dags/portfolio_data_pipeline.py took 0.073 seconds
[2025-10-04T21:44:05.777+0000] {processor.py:161} INFO - Started process (PID=573) to work on /opt/airflow/dags/portfolio_data_pipeline.py
[2025-10-04T21:44:05.778+0000] {processor.py:830} INFO - Processing file /opt/airflow/dags/portfolio_data_pipeline.py for tasks to queue
[2025-10-04T21:44:05.779+0000] {logging_mixin.py:188} INFO - [2025-10-04T21:44:05.779+0000] {dagbag.py:538} INFO - Filling up the DagBag from /opt/airflow/dags/portfolio_data_pipeline.py
[2025-10-04T21:44:05.793+0000] {processor.py:840} INFO - DAG(s) 'portfolio_data_pipeline' retrieved from /opt/airflow/dags/portfolio_data_pipeline.py
[2025-10-04T21:44:05.819+0000] {logging_mixin.py:188} INFO - [2025-10-04T21:44:05.819+0000] {dag.py:3036} INFO - Sync 1 DAGs
[2025-10-04T21:44:05.837+0000] {logging_mixin.py:188} INFO - [2025-10-04T21:44:05.837+0000] {dag.py:3823} INFO - Setting next_dagrun for portfolio_data_pipeline to 2025-10-03 06:00:00+00:00, run_after=2025-10-04 06:00:00+00:00
[2025-10-04T21:44:05.852+0000] {processor.py:183} INFO - Processing /opt/airflow/dags/portfolio_data_pipeline.py took 0.081 seconds
[2025-10-04T21:44:36.136+0000] {processor.py:161} INFO - Started process (PID=589) to work on /opt/airflow/dags/portfolio_data_pipeline.py
[2025-10-04T21:44:36.138+0000] {processor.py:830} INFO - Processing file /opt/airflow/dags/portfolio_data_pipeline.py for tasks to queue
[2025-10-04T21:44:36.138+0000] {logging_mixin.py:188} INFO - [2025-10-04T21:44:36.138+0000] {dagbag.py:538} INFO - Filling up the DagBag from /opt/airflow/dags/portfolio_data_pipeline.py
[2025-10-04T21:44:36.148+0000] {processor.py:840} INFO - DAG(s) 'portfolio_data_pipeline' retrieved from /opt/airflow/dags/portfolio_data_pipeline.py
[2025-10-04T21:44:36.163+0000] {logging_mixin.py:188} INFO - [2025-10-04T21:44:36.163+0000] {dag.py:3036} INFO - Sync 1 DAGs
[2025-10-04T21:44:36.174+0000] {logging_mixin.py:188} INFO - [2025-10-04T21:44:36.173+0000] {dag.py:3823} INFO - Setting next_dagrun for portfolio_data_pipeline to 2025-10-03 06:00:00+00:00, run_after=2025-10-04 06:00:00+00:00
[2025-10-04T21:44:36.182+0000] {processor.py:183} INFO - Processing /opt/airflow/dags/portfolio_data_pipeline.py took 0.048 seconds
[2025-10-04T21:46:57.603+0000] {processor.py:161} INFO - Started process (PID=204) to work on /opt/airflow/dags/portfolio_data_pipeline.py
[2025-10-04T21:46:57.605+0000] {processor.py:830} INFO - Processing file /opt/airflow/dags/portfolio_data_pipeline.py for tasks to queue
[2025-10-04T21:46:57.611+0000] {logging_mixin.py:188} INFO - [2025-10-04T21:46:57.610+0000] {dagbag.py:538} INFO - Filling up the DagBag from /opt/airflow/dags/portfolio_data_pipeline.py
[2025-10-04T21:46:57.647+0000] {processor.py:840} INFO - DAG(s) 'portfolio_data_pipeline' retrieved from /opt/airflow/dags/portfolio_data_pipeline.py
[2025-10-04T21:46:57.678+0000] {logging_mixin.py:188} INFO - [2025-10-04T21:46:57.678+0000] {dag.py:3036} INFO - Sync 1 DAGs
[2025-10-04T21:46:57.735+0000] {logging_mixin.py:188} INFO - [2025-10-04T21:46:57.735+0000] {dag.py:3823} INFO - Setting next_dagrun for portfolio_data_pipeline to 2025-10-03 06:00:00+00:00, run_after=2025-10-04 06:00:00+00:00
[2025-10-04T21:46:57.830+0000] {processor.py:183} INFO - Processing /opt/airflow/dags/portfolio_data_pipeline.py took 0.232 seconds
[2025-10-04T21:47:28.556+0000] {processor.py:161} INFO - Started process (PID=240) to work on /opt/airflow/dags/portfolio_data_pipeline.py
[2025-10-04T21:47:28.557+0000] {processor.py:830} INFO - Processing file /opt/airflow/dags/portfolio_data_pipeline.py for tasks to queue
[2025-10-04T21:47:28.560+0000] {logging_mixin.py:188} INFO - [2025-10-04T21:47:28.560+0000] {dagbag.py:538} INFO - Filling up the DagBag from /opt/airflow/dags/portfolio_data_pipeline.py
[2025-10-04T21:47:28.596+0000] {processor.py:840} INFO - DAG(s) 'portfolio_data_pipeline' retrieved from /opt/airflow/dags/portfolio_data_pipeline.py
[2025-10-04T21:47:28.881+0000] {logging_mixin.py:188} INFO - [2025-10-04T21:47:28.880+0000] {dag.py:3036} INFO - Sync 1 DAGs
[2025-10-04T21:47:28.921+0000] {logging_mixin.py:188} INFO - [2025-10-04T21:47:28.921+0000] {dag.py:3823} INFO - Setting next_dagrun for portfolio_data_pipeline to 2025-10-03 06:00:00+00:00, run_after=2025-10-04 06:00:00+00:00
[2025-10-04T21:47:28.940+0000] {processor.py:183} INFO - Processing /opt/airflow/dags/portfolio_data_pipeline.py took 0.392 seconds
[2025-10-04T21:47:59.044+0000] {processor.py:161} INFO - Started process (PID=311) to work on /opt/airflow/dags/portfolio_data_pipeline.py
[2025-10-04T21:47:59.046+0000] {processor.py:830} INFO - Processing file /opt/airflow/dags/portfolio_data_pipeline.py for tasks to queue
[2025-10-04T21:47:59.048+0000] {logging_mixin.py:188} INFO - [2025-10-04T21:47:59.047+0000] {dagbag.py:538} INFO - Filling up the DagBag from /opt/airflow/dags/portfolio_data_pipeline.py
[2025-10-04T21:47:59.072+0000] {processor.py:840} INFO - DAG(s) 'portfolio_data_pipeline' retrieved from /opt/airflow/dags/portfolio_data_pipeline.py
[2025-10-04T21:47:59.114+0000] {logging_mixin.py:188} INFO - [2025-10-04T21:47:59.114+0000] {dag.py:3036} INFO - Sync 1 DAGs
[2025-10-04T21:47:59.141+0000] {logging_mixin.py:188} INFO - [2025-10-04T21:47:59.141+0000] {dag.py:3823} INFO - Setting next_dagrun for portfolio_data_pipeline to 2025-10-03 06:00:00+00:00, run_after=2025-10-04 06:00:00+00:00
[2025-10-04T21:47:59.173+0000] {processor.py:183} INFO - Processing /opt/airflow/dags/portfolio_data_pipeline.py took 0.134 seconds
[2025-10-04T21:48:29.416+0000] {processor.py:161} INFO - Started process (PID=329) to work on /opt/airflow/dags/portfolio_data_pipeline.py
[2025-10-04T21:48:29.418+0000] {processor.py:830} INFO - Processing file /opt/airflow/dags/portfolio_data_pipeline.py for tasks to queue
[2025-10-04T21:48:29.423+0000] {logging_mixin.py:188} INFO - [2025-10-04T21:48:29.421+0000] {dagbag.py:538} INFO - Filling up the DagBag from /opt/airflow/dags/portfolio_data_pipeline.py
[2025-10-04T21:48:29.465+0000] {processor.py:840} INFO - DAG(s) 'portfolio_data_pipeline' retrieved from /opt/airflow/dags/portfolio_data_pipeline.py
[2025-10-04T21:48:29.542+0000] {logging_mixin.py:188} INFO - [2025-10-04T21:48:29.542+0000] {dag.py:3036} INFO - Sync 1 DAGs
[2025-10-04T21:48:29.618+0000] {logging_mixin.py:188} INFO - [2025-10-04T21:48:29.617+0000] {dag.py:3823} INFO - Setting next_dagrun for portfolio_data_pipeline to 2025-10-03 06:00:00+00:00, run_after=2025-10-04 06:00:00+00:00
[2025-10-04T21:48:29.680+0000] {processor.py:183} INFO - Processing /opt/airflow/dags/portfolio_data_pipeline.py took 0.273 seconds
[2025-10-04T21:48:59.844+0000] {processor.py:161} INFO - Started process (PID=345) to work on /opt/airflow/dags/portfolio_data_pipeline.py
[2025-10-04T21:48:59.845+0000] {processor.py:830} INFO - Processing file /opt/airflow/dags/portfolio_data_pipeline.py for tasks to queue
[2025-10-04T21:48:59.847+0000] {logging_mixin.py:188} INFO - [2025-10-04T21:48:59.847+0000] {dagbag.py:538} INFO - Filling up the DagBag from /opt/airflow/dags/portfolio_data_pipeline.py
[2025-10-04T21:48:59.858+0000] {processor.py:840} INFO - DAG(s) 'portfolio_data_pipeline' retrieved from /opt/airflow/dags/portfolio_data_pipeline.py
[2025-10-04T21:48:59.876+0000] {logging_mixin.py:188} INFO - [2025-10-04T21:48:59.876+0000] {dag.py:3036} INFO - Sync 1 DAGs
[2025-10-04T21:48:59.890+0000] {logging_mixin.py:188} INFO - [2025-10-04T21:48:59.890+0000] {dag.py:3823} INFO - Setting next_dagrun for portfolio_data_pipeline to 2025-10-03 06:00:00+00:00, run_after=2025-10-04 06:00:00+00:00
[2025-10-04T21:48:59.902+0000] {processor.py:183} INFO - Processing /opt/airflow/dags/portfolio_data_pipeline.py took 0.060 seconds
[2025-10-04T21:49:30.143+0000] {processor.py:161} INFO - Started process (PID=361) to work on /opt/airflow/dags/portfolio_data_pipeline.py
[2025-10-04T21:49:30.143+0000] {processor.py:830} INFO - Processing file /opt/airflow/dags/portfolio_data_pipeline.py for tasks to queue
[2025-10-04T21:49:30.144+0000] {logging_mixin.py:188} INFO - [2025-10-04T21:49:30.144+0000] {dagbag.py:538} INFO - Filling up the DagBag from /opt/airflow/dags/portfolio_data_pipeline.py
[2025-10-04T21:49:30.152+0000] {processor.py:840} INFO - DAG(s) 'portfolio_data_pipeline' retrieved from /opt/airflow/dags/portfolio_data_pipeline.py
[2025-10-04T21:49:30.170+0000] {logging_mixin.py:188} INFO - [2025-10-04T21:49:30.170+0000] {dag.py:3036} INFO - Sync 1 DAGs
[2025-10-04T21:49:30.186+0000] {logging_mixin.py:188} INFO - [2025-10-04T21:49:30.186+0000] {dag.py:3823} INFO - Setting next_dagrun for portfolio_data_pipeline to 2025-10-03 06:00:00+00:00, run_after=2025-10-04 06:00:00+00:00
[2025-10-04T21:49:30.197+0000] {processor.py:183} INFO - Processing /opt/airflow/dags/portfolio_data_pipeline.py took 0.057 seconds
[2025-10-04T21:50:32.988+0000] {processor.py:161} INFO - Started process (PID=179) to work on /opt/airflow/dags/portfolio_data_pipeline.py
[2025-10-04T21:50:32.990+0000] {processor.py:830} INFO - Processing file /opt/airflow/dags/portfolio_data_pipeline.py for tasks to queue
[2025-10-04T21:50:32.991+0000] {logging_mixin.py:188} INFO - [2025-10-04T21:50:32.991+0000] {dagbag.py:538} INFO - Filling up the DagBag from /opt/airflow/dags/portfolio_data_pipeline.py
[2025-10-04T21:50:32.998+0000] {processor.py:840} INFO - DAG(s) 'portfolio_data_pipeline' retrieved from /opt/airflow/dags/portfolio_data_pipeline.py
[2025-10-04T21:50:33.016+0000] {logging_mixin.py:188} INFO - [2025-10-04T21:50:33.015+0000] {dag.py:3036} INFO - Sync 1 DAGs
[2025-10-04T21:50:33.036+0000] {logging_mixin.py:188} INFO - [2025-10-04T21:50:33.036+0000] {dag.py:3823} INFO - Setting next_dagrun for portfolio_data_pipeline to 2025-10-03 06:00:00+00:00, run_after=2025-10-04 06:00:00+00:00
[2025-10-04T21:50:33.082+0000] {processor.py:183} INFO - Processing /opt/airflow/dags/portfolio_data_pipeline.py took 0.097 seconds
[2025-10-04T21:51:03.254+0000] {processor.py:161} INFO - Started process (PID=240) to work on /opt/airflow/dags/portfolio_data_pipeline.py
[2025-10-04T21:51:03.258+0000] {processor.py:830} INFO - Processing file /opt/airflow/dags/portfolio_data_pipeline.py for tasks to queue
[2025-10-04T21:51:03.273+0000] {logging_mixin.py:188} INFO - [2025-10-04T21:51:03.263+0000] {dagbag.py:538} INFO - Filling up the DagBag from /opt/airflow/dags/portfolio_data_pipeline.py
[2025-10-04T21:51:03.337+0000] {processor.py:840} INFO - DAG(s) 'portfolio_data_pipeline' retrieved from /opt/airflow/dags/portfolio_data_pipeline.py
[2025-10-04T21:51:03.772+0000] {logging_mixin.py:188} INFO - [2025-10-04T21:51:03.772+0000] {dag.py:3036} INFO - Sync 1 DAGs
[2025-10-04T21:51:03.783+0000] {logging_mixin.py:188} INFO - [2025-10-04T21:51:03.783+0000] {dag.py:3823} INFO - Setting next_dagrun for portfolio_data_pipeline to 2025-10-03 06:00:00+00:00, run_after=2025-10-04 06:00:00+00:00
[2025-10-04T21:51:03.793+0000] {processor.py:183} INFO - Processing /opt/airflow/dags/portfolio_data_pipeline.py took 0.584 seconds
[2025-10-04T21:51:34.458+0000] {processor.py:161} INFO - Started process (PID=268) to work on /opt/airflow/dags/portfolio_data_pipeline.py
[2025-10-04T21:51:34.459+0000] {processor.py:830} INFO - Processing file /opt/airflow/dags/portfolio_data_pipeline.py for tasks to queue
[2025-10-04T21:51:34.460+0000] {logging_mixin.py:188} INFO - [2025-10-04T21:51:34.459+0000] {dagbag.py:538} INFO - Filling up the DagBag from /opt/airflow/dags/portfolio_data_pipeline.py
[2025-10-04T21:51:34.471+0000] {processor.py:840} INFO - DAG(s) 'portfolio_data_pipeline' retrieved from /opt/airflow/dags/portfolio_data_pipeline.py
[2025-10-04T21:51:34.494+0000] {logging_mixin.py:188} INFO - [2025-10-04T21:51:34.494+0000] {dag.py:3036} INFO - Sync 1 DAGs
[2025-10-04T21:51:34.515+0000] {logging_mixin.py:188} INFO - [2025-10-04T21:51:34.514+0000] {dag.py:3823} INFO - Setting next_dagrun for portfolio_data_pipeline to 2025-10-03 06:00:00+00:00, run_after=2025-10-04 06:00:00+00:00
[2025-10-04T21:51:34.531+0000] {processor.py:183} INFO - Processing /opt/airflow/dags/portfolio_data_pipeline.py took 0.075 seconds
[2025-10-04T21:52:04.871+0000] {processor.py:161} INFO - Started process (PID=284) to work on /opt/airflow/dags/portfolio_data_pipeline.py
[2025-10-04T21:52:04.872+0000] {processor.py:830} INFO - Processing file /opt/airflow/dags/portfolio_data_pipeline.py for tasks to queue
[2025-10-04T21:52:04.874+0000] {logging_mixin.py:188} INFO - [2025-10-04T21:52:04.874+0000] {dagbag.py:538} INFO - Filling up the DagBag from /opt/airflow/dags/portfolio_data_pipeline.py
[2025-10-04T21:52:04.887+0000] {processor.py:840} INFO - DAG(s) 'portfolio_data_pipeline' retrieved from /opt/airflow/dags/portfolio_data_pipeline.py
[2025-10-04T21:52:04.906+0000] {logging_mixin.py:188} INFO - [2025-10-04T21:52:04.905+0000] {dag.py:3036} INFO - Sync 1 DAGs
[2025-10-04T21:52:04.922+0000] {logging_mixin.py:188} INFO - [2025-10-04T21:52:04.922+0000] {dag.py:3823} INFO - Setting next_dagrun for portfolio_data_pipeline to 2025-10-03 06:00:00+00:00, run_after=2025-10-04 06:00:00+00:00
[2025-10-04T21:52:04.930+0000] {processor.py:183} INFO - Processing /opt/airflow/dags/portfolio_data_pipeline.py took 0.062 seconds
[2025-10-04T21:52:35.239+0000] {processor.py:161} INFO - Started process (PID=300) to work on /opt/airflow/dags/portfolio_data_pipeline.py
[2025-10-04T21:52:35.240+0000] {processor.py:830} INFO - Processing file /opt/airflow/dags/portfolio_data_pipeline.py for tasks to queue
[2025-10-04T21:52:35.242+0000] {logging_mixin.py:188} INFO - [2025-10-04T21:52:35.242+0000] {dagbag.py:538} INFO - Filling up the DagBag from /opt/airflow/dags/portfolio_data_pipeline.py
[2025-10-04T21:52:35.266+0000] {processor.py:840} INFO - DAG(s) 'portfolio_data_pipeline' retrieved from /opt/airflow/dags/portfolio_data_pipeline.py
[2025-10-04T21:52:35.327+0000] {logging_mixin.py:188} INFO - [2025-10-04T21:52:35.326+0000] {dag.py:3036} INFO - Sync 1 DAGs
[2025-10-04T21:52:35.396+0000] {logging_mixin.py:188} INFO - [2025-10-04T21:52:35.396+0000] {dag.py:3823} INFO - Setting next_dagrun for portfolio_data_pipeline to 2025-10-03 06:00:00+00:00, run_after=2025-10-04 06:00:00+00:00
[2025-10-04T21:52:35.424+0000] {processor.py:183} INFO - Processing /opt/airflow/dags/portfolio_data_pipeline.py took 0.190 seconds
[2025-10-04T21:53:05.762+0000] {processor.py:161} INFO - Started process (PID=316) to work on /opt/airflow/dags/portfolio_data_pipeline.py
[2025-10-04T21:53:05.763+0000] {processor.py:830} INFO - Processing file /opt/airflow/dags/portfolio_data_pipeline.py for tasks to queue
[2025-10-04T21:53:05.765+0000] {logging_mixin.py:188} INFO - [2025-10-04T21:53:05.764+0000] {dagbag.py:538} INFO - Filling up the DagBag from /opt/airflow/dags/portfolio_data_pipeline.py
[2025-10-04T21:53:05.776+0000] {processor.py:840} INFO - DAG(s) 'portfolio_data_pipeline' retrieved from /opt/airflow/dags/portfolio_data_pipeline.py
[2025-10-04T21:53:05.797+0000] {logging_mixin.py:188} INFO - [2025-10-04T21:53:05.797+0000] {dag.py:3036} INFO - Sync 1 DAGs
[2025-10-04T21:53:05.813+0000] {logging_mixin.py:188} INFO - [2025-10-04T21:53:05.812+0000] {dag.py:3823} INFO - Setting next_dagrun for portfolio_data_pipeline to 2025-10-03 06:00:00+00:00, run_after=2025-10-04 06:00:00+00:00
[2025-10-04T21:53:05.823+0000] {processor.py:183} INFO - Processing /opt/airflow/dags/portfolio_data_pipeline.py took 0.063 seconds
[2025-10-04T21:53:36.127+0000] {processor.py:161} INFO - Started process (PID=332) to work on /opt/airflow/dags/portfolio_data_pipeline.py
[2025-10-04T21:53:36.128+0000] {processor.py:830} INFO - Processing file /opt/airflow/dags/portfolio_data_pipeline.py for tasks to queue
[2025-10-04T21:53:36.129+0000] {logging_mixin.py:188} INFO - [2025-10-04T21:53:36.129+0000] {dagbag.py:538} INFO - Filling up the DagBag from /opt/airflow/dags/portfolio_data_pipeline.py
[2025-10-04T21:53:36.137+0000] {processor.py:840} INFO - DAG(s) 'portfolio_data_pipeline' retrieved from /opt/airflow/dags/portfolio_data_pipeline.py
[2025-10-04T21:53:36.151+0000] {logging_mixin.py:188} INFO - [2025-10-04T21:53:36.150+0000] {dag.py:3036} INFO - Sync 1 DAGs
[2025-10-04T21:53:36.162+0000] {logging_mixin.py:188} INFO - [2025-10-04T21:53:36.162+0000] {dag.py:3823} INFO - Setting next_dagrun for portfolio_data_pipeline to 2025-10-03 06:00:00+00:00, run_after=2025-10-04 06:00:00+00:00
[2025-10-04T21:53:36.170+0000] {processor.py:183} INFO - Processing /opt/airflow/dags/portfolio_data_pipeline.py took 0.045 seconds
[2025-10-04T21:54:06.466+0000] {processor.py:161} INFO - Started process (PID=347) to work on /opt/airflow/dags/portfolio_data_pipeline.py
[2025-10-04T21:54:06.467+0000] {processor.py:830} INFO - Processing file /opt/airflow/dags/portfolio_data_pipeline.py for tasks to queue
[2025-10-04T21:54:06.469+0000] {logging_mixin.py:188} INFO - [2025-10-04T21:54:06.469+0000] {dagbag.py:538} INFO - Filling up the DagBag from /opt/airflow/dags/portfolio_data_pipeline.py
[2025-10-04T21:54:06.483+0000] {processor.py:840} INFO - DAG(s) 'portfolio_data_pipeline' retrieved from /opt/airflow/dags/portfolio_data_pipeline.py
[2025-10-04T21:54:06.503+0000] {logging_mixin.py:188} INFO - [2025-10-04T21:54:06.503+0000] {dag.py:3036} INFO - Sync 1 DAGs
[2025-10-04T21:54:06.525+0000] {logging_mixin.py:188} INFO - [2025-10-04T21:54:06.524+0000] {dag.py:3823} INFO - Setting next_dagrun for portfolio_data_pipeline to 2025-10-03 06:00:00+00:00, run_after=2025-10-04 06:00:00+00:00
[2025-10-04T21:54:06.538+0000] {processor.py:183} INFO - Processing /opt/airflow/dags/portfolio_data_pipeline.py took 0.074 seconds
[2025-10-04T21:54:36.806+0000] {processor.py:161} INFO - Started process (PID=364) to work on /opt/airflow/dags/portfolio_data_pipeline.py
[2025-10-04T21:54:36.809+0000] {processor.py:830} INFO - Processing file /opt/airflow/dags/portfolio_data_pipeline.py for tasks to queue
[2025-10-04T21:54:36.809+0000] {logging_mixin.py:188} INFO - [2025-10-04T21:54:36.809+0000] {dagbag.py:538} INFO - Filling up the DagBag from /opt/airflow/dags/portfolio_data_pipeline.py
[2025-10-04T21:54:36.817+0000] {processor.py:840} INFO - DAG(s) 'portfolio_data_pipeline' retrieved from /opt/airflow/dags/portfolio_data_pipeline.py
[2025-10-04T21:54:36.831+0000] {logging_mixin.py:188} INFO - [2025-10-04T21:54:36.830+0000] {dag.py:3036} INFO - Sync 1 DAGs
[2025-10-04T21:54:36.843+0000] {logging_mixin.py:188} INFO - [2025-10-04T21:54:36.842+0000] {dag.py:3823} INFO - Setting next_dagrun for portfolio_data_pipeline to 2025-10-03 06:00:00+00:00, run_after=2025-10-04 06:00:00+00:00
[2025-10-04T21:54:36.851+0000] {processor.py:183} INFO - Processing /opt/airflow/dags/portfolio_data_pipeline.py took 0.047 seconds
[2025-10-04T21:55:07.117+0000] {processor.py:161} INFO - Started process (PID=380) to work on /opt/airflow/dags/portfolio_data_pipeline.py
[2025-10-04T21:55:07.119+0000] {processor.py:830} INFO - Processing file /opt/airflow/dags/portfolio_data_pipeline.py for tasks to queue
[2025-10-04T21:55:07.120+0000] {logging_mixin.py:188} INFO - [2025-10-04T21:55:07.119+0000] {dagbag.py:538} INFO - Filling up the DagBag from /opt/airflow/dags/portfolio_data_pipeline.py
[2025-10-04T21:55:07.132+0000] {processor.py:840} INFO - DAG(s) 'portfolio_data_pipeline' retrieved from /opt/airflow/dags/portfolio_data_pipeline.py
[2025-10-04T21:55:07.151+0000] {logging_mixin.py:188} INFO - [2025-10-04T21:55:07.151+0000] {dag.py:3036} INFO - Sync 1 DAGs
[2025-10-04T21:55:07.167+0000] {logging_mixin.py:188} INFO - [2025-10-04T21:55:07.167+0000] {dag.py:3823} INFO - Setting next_dagrun for portfolio_data_pipeline to 2025-10-03 06:00:00+00:00, run_after=2025-10-04 06:00:00+00:00
[2025-10-04T21:55:07.178+0000] {processor.py:183} INFO - Processing /opt/airflow/dags/portfolio_data_pipeline.py took 0.064 seconds
[2025-10-04T21:55:37.516+0000] {processor.py:161} INFO - Started process (PID=396) to work on /opt/airflow/dags/portfolio_data_pipeline.py
[2025-10-04T21:55:37.517+0000] {processor.py:830} INFO - Processing file /opt/airflow/dags/portfolio_data_pipeline.py for tasks to queue
[2025-10-04T21:55:37.518+0000] {logging_mixin.py:188} INFO - [2025-10-04T21:55:37.517+0000] {dagbag.py:538} INFO - Filling up the DagBag from /opt/airflow/dags/portfolio_data_pipeline.py
[2025-10-04T21:55:37.528+0000] {processor.py:840} INFO - DAG(s) 'portfolio_data_pipeline' retrieved from /opt/airflow/dags/portfolio_data_pipeline.py
[2025-10-04T21:55:37.547+0000] {logging_mixin.py:188} INFO - [2025-10-04T21:55:37.547+0000] {dag.py:3036} INFO - Sync 1 DAGs
[2025-10-04T21:55:37.562+0000] {logging_mixin.py:188} INFO - [2025-10-04T21:55:37.562+0000] {dag.py:3823} INFO - Setting next_dagrun for portfolio_data_pipeline to 2025-10-03 06:00:00+00:00, run_after=2025-10-04 06:00:00+00:00
[2025-10-04T21:55:37.574+0000] {processor.py:183} INFO - Processing /opt/airflow/dags/portfolio_data_pipeline.py took 0.061 seconds
[2025-10-04T21:56:07.930+0000] {processor.py:161} INFO - Started process (PID=430) to work on /opt/airflow/dags/portfolio_data_pipeline.py
[2025-10-04T21:56:07.937+0000] {processor.py:830} INFO - Processing file /opt/airflow/dags/portfolio_data_pipeline.py for tasks to queue
[2025-10-04T21:56:07.938+0000] {logging_mixin.py:188} INFO - [2025-10-04T21:56:07.938+0000] {dagbag.py:538} INFO - Filling up the DagBag from /opt/airflow/dags/portfolio_data_pipeline.py
[2025-10-04T21:56:07.965+0000] {processor.py:840} INFO - DAG(s) 'portfolio_data_pipeline' retrieved from /opt/airflow/dags/portfolio_data_pipeline.py
[2025-10-04T21:56:08.022+0000] {logging_mixin.py:188} INFO - [2025-10-04T21:56:08.021+0000] {dag.py:3036} INFO - Sync 1 DAGs
[2025-10-04T21:56:08.058+0000] {logging_mixin.py:188} INFO - [2025-10-04T21:56:08.057+0000] {dag.py:3823} INFO - Setting next_dagrun for portfolio_data_pipeline to 2025-10-03 06:00:00+00:00, run_after=2025-10-04 06:00:00+00:00
[2025-10-04T21:56:08.083+0000] {processor.py:183} INFO - Processing /opt/airflow/dags/portfolio_data_pipeline.py took 0.157 seconds
[2025-10-04T21:56:38.961+0000] {processor.py:161} INFO - Started process (PID=458) to work on /opt/airflow/dags/portfolio_data_pipeline.py
[2025-10-04T21:56:38.963+0000] {processor.py:830} INFO - Processing file /opt/airflow/dags/portfolio_data_pipeline.py for tasks to queue
[2025-10-04T21:56:38.963+0000] {logging_mixin.py:188} INFO - [2025-10-04T21:56:38.963+0000] {dagbag.py:538} INFO - Filling up the DagBag from /opt/airflow/dags/portfolio_data_pipeline.py
[2025-10-04T21:56:38.973+0000] {processor.py:840} INFO - DAG(s) 'portfolio_data_pipeline' retrieved from /opt/airflow/dags/portfolio_data_pipeline.py
[2025-10-04T21:56:38.996+0000] {logging_mixin.py:188} INFO - [2025-10-04T21:56:38.996+0000] {dag.py:3036} INFO - Sync 1 DAGs
[2025-10-04T21:56:39.013+0000] {logging_mixin.py:188} INFO - [2025-10-04T21:56:39.012+0000] {dag.py:3823} INFO - Setting next_dagrun for portfolio_data_pipeline to 2025-10-03 06:00:00+00:00, run_after=2025-10-04 06:00:00+00:00
[2025-10-04T21:56:39.025+0000] {processor.py:183} INFO - Processing /opt/airflow/dags/portfolio_data_pipeline.py took 0.066 seconds
[2025-10-04T21:57:09.319+0000] {processor.py:161} INFO - Started process (PID=474) to work on /opt/airflow/dags/portfolio_data_pipeline.py
[2025-10-04T21:57:09.320+0000] {processor.py:830} INFO - Processing file /opt/airflow/dags/portfolio_data_pipeline.py for tasks to queue
[2025-10-04T21:57:09.322+0000] {logging_mixin.py:188} INFO - [2025-10-04T21:57:09.321+0000] {dagbag.py:538} INFO - Filling up the DagBag from /opt/airflow/dags/portfolio_data_pipeline.py
[2025-10-04T21:57:09.336+0000] {processor.py:840} INFO - DAG(s) 'portfolio_data_pipeline' retrieved from /opt/airflow/dags/portfolio_data_pipeline.py
[2025-10-04T21:57:09.359+0000] {logging_mixin.py:188} INFO - [2025-10-04T21:57:09.358+0000] {dag.py:3036} INFO - Sync 1 DAGs
[2025-10-04T21:57:09.377+0000] {logging_mixin.py:188} INFO - [2025-10-04T21:57:09.376+0000] {dag.py:3823} INFO - Setting next_dagrun for portfolio_data_pipeline to 2025-10-03 06:00:00+00:00, run_after=2025-10-04 06:00:00+00:00
[2025-10-04T21:57:09.390+0000] {processor.py:183} INFO - Processing /opt/airflow/dags/portfolio_data_pipeline.py took 0.074 seconds
[2025-10-04T21:57:39.659+0000] {processor.py:161} INFO - Started process (PID=487) to work on /opt/airflow/dags/portfolio_data_pipeline.py
[2025-10-04T21:57:39.661+0000] {processor.py:830} INFO - Processing file /opt/airflow/dags/portfolio_data_pipeline.py for tasks to queue
[2025-10-04T21:57:39.662+0000] {logging_mixin.py:188} INFO - [2025-10-04T21:57:39.661+0000] {dagbag.py:538} INFO - Filling up the DagBag from /opt/airflow/dags/portfolio_data_pipeline.py
[2025-10-04T21:57:39.668+0000] {processor.py:840} INFO - DAG(s) 'portfolio_data_pipeline' retrieved from /opt/airflow/dags/portfolio_data_pipeline.py
[2025-10-04T21:57:39.681+0000] {logging_mixin.py:188} INFO - [2025-10-04T21:57:39.681+0000] {dag.py:3036} INFO - Sync 1 DAGs
[2025-10-04T21:57:39.692+0000] {logging_mixin.py:188} INFO - [2025-10-04T21:57:39.692+0000] {dag.py:3823} INFO - Setting next_dagrun for portfolio_data_pipeline to 2025-10-03 06:00:00+00:00, run_after=2025-10-04 06:00:00+00:00
[2025-10-04T21:57:39.700+0000] {processor.py:183} INFO - Processing /opt/airflow/dags/portfolio_data_pipeline.py took 0.042 seconds
[2025-10-04T21:58:09.977+0000] {processor.py:161} INFO - Started process (PID=506) to work on /opt/airflow/dags/portfolio_data_pipeline.py
[2025-10-04T21:58:09.979+0000] {processor.py:830} INFO - Processing file /opt/airflow/dags/portfolio_data_pipeline.py for tasks to queue
[2025-10-04T21:58:09.979+0000] {logging_mixin.py:188} INFO - [2025-10-04T21:58:09.979+0000] {dagbag.py:538} INFO - Filling up the DagBag from /opt/airflow/dags/portfolio_data_pipeline.py
[2025-10-04T21:58:09.988+0000] {processor.py:840} INFO - DAG(s) 'portfolio_data_pipeline' retrieved from /opt/airflow/dags/portfolio_data_pipeline.py
[2025-10-04T21:58:10.006+0000] {logging_mixin.py:188} INFO - [2025-10-04T21:58:10.006+0000] {dag.py:3036} INFO - Sync 1 DAGs
[2025-10-04T21:58:10.020+0000] {logging_mixin.py:188} INFO - [2025-10-04T21:58:10.020+0000] {dag.py:3823} INFO - Setting next_dagrun for portfolio_data_pipeline to 2025-10-03 06:00:00+00:00, run_after=2025-10-04 06:00:00+00:00
[2025-10-04T21:58:10.029+0000] {processor.py:183} INFO - Processing /opt/airflow/dags/portfolio_data_pipeline.py took 0.055 seconds
[2025-10-04T21:58:40.331+0000] {processor.py:161} INFO - Started process (PID=522) to work on /opt/airflow/dags/portfolio_data_pipeline.py
[2025-10-04T21:58:40.333+0000] {processor.py:830} INFO - Processing file /opt/airflow/dags/portfolio_data_pipeline.py for tasks to queue
[2025-10-04T21:58:40.333+0000] {logging_mixin.py:188} INFO - [2025-10-04T21:58:40.333+0000] {dagbag.py:538} INFO - Filling up the DagBag from /opt/airflow/dags/portfolio_data_pipeline.py
[2025-10-04T21:58:40.350+0000] {processor.py:840} INFO - DAG(s) 'portfolio_data_pipeline' retrieved from /opt/airflow/dags/portfolio_data_pipeline.py
[2025-10-04T21:58:40.366+0000] {logging_mixin.py:188} INFO - [2025-10-04T21:58:40.366+0000] {dag.py:3036} INFO - Sync 1 DAGs
[2025-10-04T21:58:40.382+0000] {logging_mixin.py:188} INFO - [2025-10-04T21:58:40.382+0000] {dag.py:3823} INFO - Setting next_dagrun for portfolio_data_pipeline to 2025-10-03 06:00:00+00:00, run_after=2025-10-04 06:00:00+00:00
[2025-10-04T21:58:40.404+0000] {processor.py:183} INFO - Processing /opt/airflow/dags/portfolio_data_pipeline.py took 0.074 seconds
[2025-10-04T21:59:10.621+0000] {processor.py:161} INFO - Started process (PID=535) to work on /opt/airflow/dags/portfolio_data_pipeline.py
[2025-10-04T21:59:10.624+0000] {processor.py:830} INFO - Processing file /opt/airflow/dags/portfolio_data_pipeline.py for tasks to queue
[2025-10-04T21:59:10.627+0000] {logging_mixin.py:188} INFO - [2025-10-04T21:59:10.625+0000] {dagbag.py:538} INFO - Filling up the DagBag from /opt/airflow/dags/portfolio_data_pipeline.py
[2025-10-04T21:59:10.636+0000] {processor.py:840} INFO - DAG(s) 'portfolio_data_pipeline' retrieved from /opt/airflow/dags/portfolio_data_pipeline.py
[2025-10-04T21:59:10.654+0000] {logging_mixin.py:188} INFO - [2025-10-04T21:59:10.653+0000] {dag.py:3036} INFO - Sync 1 DAGs
[2025-10-04T21:59:10.667+0000] {logging_mixin.py:188} INFO - [2025-10-04T21:59:10.667+0000] {dag.py:3823} INFO - Setting next_dagrun for portfolio_data_pipeline to 2025-10-03 06:00:00+00:00, run_after=2025-10-04 06:00:00+00:00
[2025-10-04T21:59:10.679+0000] {processor.py:183} INFO - Processing /opt/airflow/dags/portfolio_data_pipeline.py took 0.061 seconds
[2025-10-04T21:59:40.915+0000] {processor.py:161} INFO - Started process (PID=551) to work on /opt/airflow/dags/portfolio_data_pipeline.py
[2025-10-04T21:59:40.916+0000] {processor.py:830} INFO - Processing file /opt/airflow/dags/portfolio_data_pipeline.py for tasks to queue
[2025-10-04T21:59:40.917+0000] {logging_mixin.py:188} INFO - [2025-10-04T21:59:40.917+0000] {dagbag.py:538} INFO - Filling up the DagBag from /opt/airflow/dags/portfolio_data_pipeline.py
[2025-10-04T21:59:40.926+0000] {processor.py:840} INFO - DAG(s) 'portfolio_data_pipeline' retrieved from /opt/airflow/dags/portfolio_data_pipeline.py
[2025-10-04T21:59:40.947+0000] {logging_mixin.py:188} INFO - [2025-10-04T21:59:40.946+0000] {dag.py:3036} INFO - Sync 1 DAGs
[2025-10-04T21:59:40.965+0000] {logging_mixin.py:188} INFO - [2025-10-04T21:59:40.965+0000] {dag.py:3823} INFO - Setting next_dagrun for portfolio_data_pipeline to 2025-10-03 06:00:00+00:00, run_after=2025-10-04 06:00:00+00:00
[2025-10-04T21:59:40.979+0000] {processor.py:183} INFO - Processing /opt/airflow/dags/portfolio_data_pipeline.py took 0.068 seconds
